2012/08/02 09:27:21 moniBalance(006856) 
模拟EWP余额查询报文 start

2012/08/02 09:27:21 moniBalance(006856) 
ewp data Balance return[345]:0200310000201208020927210100201CADE000012345678MOBILEIMEI092721    15008020927ORDERNO092721                        524601382500500016315351268D6C9DAB89AB6C152C51BAF86F1D515013F955333FC6B6BA53EBBDA2E2720648C8E1A16A5F5DB3E4671A5849DA3CDB51BBE156767CEAEF63940E7A62D3F3BDC8FA53902CB1A1                43214321432143219C1A23BEFE04BC731234123412341234.

2012/08/02 09:27:21 moniBalance(006856) 
attach to folder system ok !

2012/08/02 09:27:21 moniBalance(006856) 
folder myFid=1

2012/08/02 09:27:21 moniBalance(006856) 
Write finished,Write length =0

2012/08/02 09:27:21 moniBalance(006856) 
AppServer terminated.

2012/08/02 10:26:17 moniBalance(006987) 
模拟EWP余额查询报文 start

2012/08/02 10:26:17 moniBalance(006987) 
ewp data Balance return[345]:0200310000201208021026170100201CADE000012345678MOBILEIMEI102617    15008021026ORDERNO102617                        524601382500500016315301C3069434F08DDA01A8B40EACCDD4F1D543D898046A70F159F80FE5C8B14040A615F89433C986E2B20E10749FE4E579A7B2B1816265A492FE7A9BE0F3B9A952EABBE8F0447096D3                4321432143214321F80E5C9F9C63B3D61234123412341234.

2012/08/02 10:26:17 moniBalance(006987) 
attach to folder system ok !

2012/08/02 10:26:17 moniBalance(006987) 
folder myFid=1

2012/08/02 10:26:17 moniBalance(006987) 
Write finished,Write length =0

2012/08/02 10:26:17 moniBalance(006987) 
AppServer terminated.

2012/08/02 13:55:51 moniBalance(007437) 
模拟EWP余额查询报文 start

2012/08/02 13:55:51 moniBalance(007437) 
ewp data Balance return[345]:0200310000201208021355510100201CADE000012345678MOBILEIMEI135551    15008021355ORDERNO135551                        524601382500500016315301C3069434F08DDA01A8B40EACCDD4F1D543D898046A70F159F80FE5C8B14040A615F89433C986E2B20E10749FE4E579A7B2B1816265A492FE7A9BE0F3B9A952EABBE8F0447096D3                4321432143214321F80E5C9F9C63B3D61234123412341234.

2012/08/02 13:55:51 moniBalance(007437) 
attach to folder system ok !

2012/08/02 13:55:51 moniBalance(007437) 
folder myFid=1

2012/08/02 13:55:51 moniBalance(007437) 
Write finished,Write length =0

2012/08/02 13:55:51 moniBalance(007437) 
AppServer terminated.

2012/08/02 14:02:38 moniBalance(007453) 
模拟EWP余额查询报文 start

2012/08/02 14:02:38 moniBalance(007453) 
ewp data Balance return[345]:0200310000201208021402380100201CADE000012345678MOBILEIMEI140238    15008021402ORDERNO140238                        524601382500500016315301C3069434F08DDA01A8B40EACCDD4F1D543D898046A70F159F80FE5C8B14040A615F89433C986E2B20E10749FE4E579A7B2B1816265A492FE7A9BE0F3B9A952EABBE8F0447096D3                4321432143214321F80E5C9F9C63B3D61234123412341234.

2012/08/02 14:02:38 moniBalance(007453) 
attach to folder system ok !

2012/08/02 14:02:38 moniBalance(007453) 
folder myFid=1

2012/08/02 14:02:38 moniBalance(007453) 
Write finished,Write length =0

2012/08/02 14:02:38 moniBalance(007453) 
AppServer terminated.

2012/08/02 14:06:52 moniBalance(007456) 
模拟EWP余额查询报文 start

2012/08/02 14:06:52 moniBalance(007456) 
ewp data Balance return[345]:0200310000201208021406520100201CADE000012345678MOBILEIMEI140652    15008021406ORDERNO140652                        524601382500500016315301C3069434F08DDA01A8B40EACCDD4F1D543D898046A70F159F80FE5C8B14040A615F89433C986E2B20E10749FE4E579A7B2B1816265A492FE7A9BE0F3B9A952EABBE8F0447096D3                4321432143214321F80E5C9F9C63B3D61234123412341234.

2012/08/02 14:06:52 moniBalance(007456) 
attach to folder system ok !

2012/08/02 14:06:52 moniBalance(007456) 
folder myFid=1

2012/08/02 14:06:52 moniBalance(007456) 
Write finished,Write length =0

2012/08/02 14:06:52 moniBalance(007456) 
AppServer terminated.

2012/08/02 14:10:19 moniBalance(007459) 
模拟EWP余额查询报文 start

2012/08/02 14:10:19 moniBalance(007459) 
ewp data Balance return[345]:0200310000201208021410190100201CADE000012345678MOBILEIMEI141019    15008021410ORDERNO141019                        524601382500500016315301C3069434F08DDA01A8B40EACCDD4F1D543D898046A70F159F80FE5C8B14040A615F89433C986E2B20E10749FE4E579A7B2B1816265A492FE7A9BE0F3B9A952EABBE8F0447096D3                4321432143214321F80E5C9F9C63B3D61234123412341234.

2012/08/02 14:10:19 moniBalance(007459) 
attach to folder system ok !

2012/08/02 14:10:19 moniBalance(007459) 
folder myFid=1

2012/08/02 14:10:19 moniBalance(007459) 
Write finished,Write length =0

2012/08/02 14:10:19 moniBalance(007459) 
AppServer terminated.

2012/08/02 14:17:22 moniBalance(007559) 
模拟EWP余额查询报文 start

2012/08/02 14:17:22 moniBalance(007559) 
ewp data Balance return[345]:0200310000201208021417220100201CADE000012345678MOBILEIMEI141722    15008021417ORDERNO141722                        5246222021001098550814D7E2636B605A14278596BCD7877B19DFA2309AF2141C8AE42466118C25D54E548E3B29E20C2C821748BB41114500397F1B41EF750A050DFE9C9D9BA81764B25625DD7C5D3AB2D8B2C4145B4825E8EEF14321432143214321DF3C3D60764B2BF61234123412341234.

2012/08/02 14:17:22 moniBalance(007559) 
attach to folder system ok !

2012/08/02 14:17:22 moniBalance(007559) 
folder myFid=1

2012/08/02 14:17:22 moniBalance(007559) 
Write finished,Write length =0

2012/08/02 14:17:22 moniBalance(007559) 
AppServer terminated.

2012/08/02 14:27:06 moniBalance(007659) 
模拟EWP余额查询报文 start

2012/08/02 14:27:06 moniBalance(007659) 
ewp data Balance return[345]:0200310000201208021427060100201CADE000012345678MOBILEIMEI142706    15008021427ORDERNO142706                        5246222021001098550814D7E2636B605A14278596BCD7877B19DFA2309AF2141C8AE42466118C25D54E548E3B29E20C2C821748BB41114500397F1B41EF750A050DFE9C9D9BA81764B25625DD7C5D3AB2D8B2C4145B4825E8EEF14321432143214321DF3C3D60764B2BF61234123412341234.

2012/08/02 14:27:06 moniBalance(007659) 
attach to folder system ok !

2012/08/02 14:27:06 moniBalance(007659) 
folder myFid=1

2012/08/02 14:27:06 moniBalance(007659) 
Write finished,Write length =0

2012/08/02 14:27:06 moniBalance(007659) 
AppServer terminated.

2012/08/02 14:52:23 moniBalance(007785) 
模拟EWP余额查询报文 start

2012/08/02 14:52:23 moniBalance(007785) 
ewp data Balance return[345]:0200310000201208021452230100201CADE000012345678MOBILEIMEI145223    15008021452ORDERNO145223                        5246222021001098550814D7E2636B605A14278596BCD7877B19DFA2309AF2141C8AE42466118C25D54E548E3B29E20C2C821748BB41114500397F1B41EF750A050DFE9C9D9BA81764B25625DD7C5D3AB2D8B2C4145B4825E8EEF14321432143214321DF3C3D60764B2BF61234123412341234.

2012/08/02 14:52:23 moniBalance(007785) 
attach to folder system ok !

2012/08/02 14:52:23 moniBalance(007785) 
folder myFid=1

2012/08/02 14:52:23 moniBalance(007785) 
Write finished,Write length =0

2012/08/02 14:52:23 moniBalance(007785) 
AppServer terminated.

2012/08/18 14:50:35 moniBalance(003770) 
模拟EWP余额查询报文 start

2012/08/18 14:50:35 moniBalance(003770) 
ewp data Balance return[365]:0200310000201208181450350100201CADE000012345678MOBILEIMEI145035    15008181450ORDERNO145035                        5246222021001098550814D7E2636B605A14278596BCD7877B19DFA2309AF2141C8AE42466118C25D54E548E3B29E20C2C821748BB41114500397F1B41EF750A050DFE9C9D9BA81764B25625DD7C5D3AB2D8B2C4145B4825E8EEF14321432143214321DF3C3D60764B2BF61234123412341234selfdefineselfdefine.

2012/08/18 14:50:35 moniBalance(003770) 
attach to folder system ok !

2012/08/18 14:50:35 moniBalance(003770) 
folder myFid=1

2012/08/18 14:50:35 moniBalance(003770) 
Write finished,Write length =0

2012/08/18 14:50:35 moniBalance(003770) 
AppServer terminated.

2012/09/04 16:13:16 moniBalance(002642) 
模拟EWP余额查询报文 start

2012/09/04 16:13:16 moniBalance(002642) 
ewp data Balance return[366]:02003100002012090416131601002011CADE000012345678MOBILEIMEI161316    15009041613ORDERNO161316                        5246222021001098550814D7E2636B605A14278596BCD7877B19DFA2309AF2141C8AE42466118C25D54E548E3B29E20C2C821748BB41114500397F1B41EF750A050DFE9C9D9BA81764B25625DD7C5D3AB2D8B2C4145B4825E8EEF14321432143214321DF3C3D60764B2BF61234123412341234selfdefineselfdefine.

2012/09/04 16:13:16 moniBalance(002642) 
attach to folder system ok !

2012/09/04 16:13:16 moniBalance(002642) 
folder myFid=1

2012/09/04 16:13:16 moniBalance(002642) 
Write finished,Write length =0

2012/09/04 16:13:16 moniBalance(002642) 
AppServer terminated.

2012/09/04 16:27:35 moniBalance(002721) 
模拟EWP余额查询报文 start

2012/09/04 16:27:35 moniBalance(002721) 
ewp data Balance return[366]:02003100002012090416273501002011CADE000012345678MOBILEIMEI162735    15009041627ORDERNO162735                        5246222021001098550814D7E2636B605A14278596BCD7877B19DFA2309AF2141C8AE42466118C25D54E548E3B29E20C2C821748BB41114500397F1B41EF750A050DFE9C9D9BA81764B25625DD7C5D3AB2D8B2C4145B4825E8EEF14321432143214321DF3C3D60764B2BF61234123412341234selfdefineselfdefine.

2012/09/04 16:27:35 moniBalance(002721) 
attach to folder system ok !

2012/09/04 16:27:35 moniBalance(002721) 
folder myFid=1

2012/09/04 16:27:35 moniBalance(002721) 
Write finished,Write length =0

2012/09/04 16:27:35 moniBalance(002721) 
AppServer terminated.

2012/09/05 14:59:58 moniBalance(004837) 
模拟EWP余额查询报文 start

2012/09/05 14:59:58 moniBalance(004837) 
ewp data Balance return[366]:02003100002012090514595801002011CADE000012345678MOBILEIMEI145958    15009051459ORDERNO145958                        5246222021001098550814D7E2636B605A14278596BCD7877B19DFA2309AF2141C8AE42466118C25D54E548E3B29E20C2C821748BB41114500397F1B41EF750A050DFE9C9D9BA81764B25625DD7C5D3AB2D8B2C4145B4825E8EEF14321432143214321DF3C3D60764B2BF61234123412341234selfdefineselfdefine.

2012/09/05 14:59:58 moniBalance(004837) 
attach to folder system ok !

2012/09/05 14:59:58 moniBalance(004837) 
folder myFid=1

2012/09/05 14:59:58 moniBalance(004837) 
Write finished,Write length =0

2012/09/05 14:59:58 moniBalance(004837) 
AppServer terminated.

2012/12/13 13:56:41 moniBalance(006163) 
模拟EWP余额查询报文 start

2012/12/13 13:56:41 moniBalance(006163) 
ewp data Balance return[366]:02003100002012121313564101000071CADE000012345678MOBILEIMEI135641    15012131356ORDERNO1213135641                    5246222021001098550814D7E2636B605A14278596BCD7877B19DFA2309AF2141C8AE42466118C25D54E548E3B29E20C2C821748BB41114500397F1B41EF750A050DFE9C9D9BA81764B25625DD7C5D3AB2D8B2C4145B4825E8EEF14321432143214321DF3C3D60764B2BF61234123412341234selfdefineselfdefine.

2012/12/13 13:56:41 moniBalance(006163) 
attach to folder system ok !

2012/12/13 13:56:41 moniBalance(006163) 
folder myFid=1

2012/12/13 13:56:41 moniBalance(006163) 
Write finished,Write length =0

2012/12/13 13:56:41 moniBalance(006163) 
AppServer terminated.

2012/12/13 13:59:59 moniBalance(006170) 
模拟EWP余额查询报文 start

2012/12/13 13:59:59 moniBalance(006170) 
ewp data Balance return[366]:02003100002012121313595901000071CADE000012345678MOBILEIMEI135959    15012131359ORDERNO1213135959                    5246222021001098550814D7E2636B605A14278596BCD7877B19DFA2309AF2141C8AE42466118C25D54E548E3B29E20C2C821748BB41114500397F1B41EF750A050DFE9C9D9BA81764B25625DD7C5D3AB2D8B2C4145B4825E8EEF14321432143214321DF3C3D60764B2BF61234123412341234selfdefineselfdefine.

2012/12/13 13:59:59 moniBalance(006170) 
attach to folder system ok !

2012/12/13 13:59:59 moniBalance(006170) 
folder myFid=1

2012/12/13 13:59:59 moniBalance(006170) 
Write finished,Write length =0

2012/12/13 13:59:59 moniBalance(006170) 
AppServer terminated.

2012/12/13 14:05:13 moniBalance(006214) 
模拟EWP余额查询报文 start

2012/12/13 14:05:13 moniBalance(006214) 
ewp data Balance return[366]:02003100002012121314051301000071CADE000012345678MOBILEIMEI140513    15012131405ORDERNO1213140513                    5246222021001098550814D7E2636B605A14278596BCD7877B19DFA2309AF2141C8AE42466118C25D54E548E3B29E20C2C821748BB41114500397F1B41EF750A050DFE9C9D9BA81764B25625DD7C5D3AB2D8B2C4145B4825E8EEF14321432143214321DF3C3D60764B2BF61234123412341234selfdefineselfdefine.

2012/12/13 14:05:13 moniBalance(006214) 
attach to folder system ok !

2012/12/13 14:05:13 moniBalance(006214) 
folder myFid=1

2012/12/13 14:05:13 moniBalance(006214) 
Write finished,Write length =0

2012/12/13 14:05:13 moniBalance(006214) 
AppServer terminated.

2012/12/13 14:08:14 moniBalance(006216) 
模拟EWP余额查询报文 start

2012/12/13 14:08:14 moniBalance(006216) 
ewp data Balance return[366]:02003100002012121314081401000071CADE000012345678MOBILEIMEI140814    15012131408ORDERNO1213140814                    5246222021001098550814D7E2636B605A14278596BCD7877B19DFA2309AF2141C8AE42466118C25D54E548E3B29E20C2C821748BB41114500397F1B41EF750A050DFE9C9D9BA81764B25625DD7C5D3AB2D8B2C4145B4825E8EEF14321432143214321DF3C3D60764B2BF61234123412341234selfdefineselfdefine.

2012/12/13 14:08:14 moniBalance(006216) 
attach to folder system ok !

2012/12/13 14:08:14 moniBalance(006216) 
folder myFid=1

2012/12/13 14:08:14 moniBalance(006216) 
Write finished,Write length =0

2012/12/13 14:08:14 moniBalance(006216) 
AppServer terminated.

2012/12/13 14:12:44 moniBalance(006224) 
模拟EWP余额查询报文 start

2012/12/13 14:12:44 moniBalance(006224) 
ewp data Balance return[366]:02003100002012121314124401000071CADE000012345678MOBILEIMEI141244    15012131412ORDERNO1213141244                    5246222021001098550814D7E2636B605A14278596BCD7877B19DFA2309AF2141C8AE42466118C25D54E548E3B29E20C2C821748BB41114500397F1B41EF750A050DFE9C9D9BA81764B25625DD7C5D3AB2D8B2C4145B4825E8EEF14321432143214321DF3C3D60764B2BF61234123412341234selfdefineselfdefine.

2012/12/13 14:12:44 moniBalance(006224) 
attach to folder system ok !

2012/12/13 14:12:44 moniBalance(006224) 
folder myFid=1

2012/12/13 14:12:44 moniBalance(006224) 
Write finished,Write length =0

2012/12/13 14:12:44 moniBalance(006224) 
AppServer terminated.

2012/12/13 14:16:20 moniBalance(006227) 
模拟EWP余额查询报文 start

2012/12/13 14:16:20 moniBalance(006227) 
ewp data Balance return[366]:02003100002012121314162001000071CADE000012345678MOBILEIMEI141620    15012131416ORDERNO1213141620                    5246222021001098550814D7E2636B605A14278596BCD7877B19DFA2309AF2141C8AE42466118C25D54E548E3B29E20C2C821748BB41114500397F1B41EF750A050DFE9C9D9BA81764B25625DD7C5D3AB2D8B2C4145B4825E8EEF14321432143214321DF3C3D60764B2BF61234123412341234selfdefineselfdefine.

2012/12/13 14:16:20 moniBalance(006227) 
attach to folder system ok !

2012/12/13 14:16:20 moniBalance(006227) 
folder myFid=1

2012/12/13 14:16:20 moniBalance(006227) 
Write finished,Write length =0

2012/12/13 14:16:20 moniBalance(006227) 
AppServer terminated.

2012/12/13 14:35:06 moniBalance(006335) 
模拟EWP余额查询报文 start

2012/12/13 14:35:06 moniBalance(006335) 
ewp data Balance return[366]:02003100002012121314350601000071CADE000012345678MOBILEIMEI143506    15012131435ORDERNO1213143506                    5246222021001098550814D7E2636B605A14278596BCD7877B19DFA2309AF2141C8AE42466118C25D54E548E3B29E20C2C821748BB41114500397F1B41EF750A050DFE9C9D9BA81764B25625DD7C5D3AB2D8B2C4145B4825E8EEF14321432143214321DF3C3D60764B2BF61234123412341234selfdefineselfdefine.

2012/12/13 14:35:06 moniBalance(006335) 
attach to folder system ok !

2012/12/13 14:35:06 moniBalance(006335) 
folder myFid=1

2012/12/13 14:35:06 moniBalance(006335) 
Write finished,Write length =0

2012/12/13 14:35:06 moniBalance(006335) 
AppServer terminated.

2012/12/13 15:00:55 moniBalance(006623) 
模拟EWP余额查询报文 start

2012/12/13 15:00:55 moniBalance(006623) 
ewp data Balance return[366]:02003100002012121315005501000071CADE000012345678MOBILEIMEI150055    15012131500ORDERNO1213150055                    5246222021001098550814D7E2636B605A14278596BCD7877B19DFA2309AF2141C8AE42466118C25D54E548E3B29E20C2C821748BB41114500397F1B41EF750A050DFE9C9D9BA81764B25625DD7C5D3AB2D8B2C4145B4825E8EEF14321432143214321DF3C3D60764B2BF61234123412341234selfdefineselfdefine.

2012/12/13 15:00:55 moniBalance(006623) 
attach to folder system ok !

2012/12/13 15:00:55 moniBalance(006623) 
folder myFid=1

2012/12/13 15:00:55 moniBalance(006623) 
Write finished,Write length =0

2012/12/13 15:00:55 moniBalance(006623) 
AppServer terminated.

2012/12/13 15:04:12 moniBalance(006634) 
模拟EWP余额查询报文 start

2012/12/13 15:04:12 moniBalance(006634) 
ewp data Balance return[366]:02003100002012121315041201000071CADE000012345678MOBILEIMEI150412    15012131504ORDERNO1213150412                    5246222021001098550814D7E2636B605A14278596BCD7877B19DFA2309AF2141C8AE42466118C25D54E548E3B29E20C2C821748BB41114500397F1B41EF750A050DFE9C9D9BA81764B25625DD7C5D3AB2D8B2C4145B4825E8EEF14321432143214321DF3C3D60764B2BF61234123412341234selfdefineselfdefine.

2012/12/13 15:04:12 moniBalance(006634) 
attach to folder system ok !

2012/12/13 15:04:12 moniBalance(006634) 
folder myFid=1

2012/12/13 15:04:12 moniBalance(006634) 
Write finished,Write length =0

2012/12/13 15:04:12 moniBalance(006634) 
AppServer terminated.

2012/12/13 15:11:18 moniBalance(006643) 
模拟EWP余额查询报文 start

2012/12/13 15:11:18 moniBalance(006643) 
ewp data Balance return[366]:02003100002012121315111801000071CADE000012345678MOBILEIMEI151118    15012131511ORDERNO1213151118                    5246222021001098550814D7E2636B605A14278596BCD7877B19DFA2309AF2141C8AE42466118C25D54E548E3B29E20C2C821748BB41114500397F1B41EF750A050DFE9C9D9BA81764B25625DD7C5D3AB2D8B2C4145B4825E8EEF14321432143214321DF3C3D60764B2BF61234123412341234selfdefineselfdefine.

2012/12/13 15:11:18 moniBalance(006643) 
attach to folder system ok !

2012/12/13 15:11:18 moniBalance(006643) 
folder myFid=1

2012/12/13 15:11:18 moniBalance(006643) 
Write finished,Write length =0

2012/12/13 15:11:18 moniBalance(006643) 
AppServer terminated.

2013/02/20 17:19:42 moniBalance(021093) 
模拟EWP余额查询报文 start

2013/02/20 17:19:42 moniBalance(021093) 
ewp data Balance return[366]:02003100002013022017194201000071CADE000012345678MOBILEIMEI171942    15002201719ORDERNO0220171942                    5246222021001098550814D7E2636B605A14278596BCD7877B19DFA2309AF2141C8AE42466118C25D54E548E3B29E20C2C821748BB41114500397F1B41EF750A050DFE9C9D9BA81764B25625DD7C5D3AB2D8B2C4145B4825E8EEF14321432143214321DF3C3D60764B2BF61234123412341234selfdefineselfdefine.

2013/02/20 17:19:42 moniBalance(021093) 
attach to folder system ok !

2013/02/20 17:19:42 moniBalance(021093) 
folder myFid=1

2013/02/20 17:19:42 moniBalance(021093) 
Write finished,Write length =0

2013/02/20 17:19:42 moniBalance(021093) 
AppServer terminated.

2013/02/20 17:26:44 moniBalance(021101) 
模拟EWP余额查询报文 start

2013/02/20 17:26:44 moniBalance(021101) 
ewp data Balance return[366]:02003100002013022017264401000071CADE000012345678MOBILEIMEI172644    15002201726ORDERNO0220172644                    5246222021001098550814D7E2636B605A14278596BCD7877B19DFA2309AF2141C8AE42466118C25D54E548E3B29E20C2C821748BB41114500397F1B41EF750A050DFE9C9D9BA81764B25625DD7C5D3AB2D8B2C4145B4825E8EEF14321432143214321DF3C3D60764B2BF61234123412341234selfdefineselfdefine.

2013/02/20 17:26:44 moniBalance(021101) 
attach to folder system ok !

2013/02/20 17:26:44 moniBalance(021101) 
folder myFid=1

2013/02/20 17:26:44 moniBalance(021101) 
Write finished,Write length =0

2013/02/20 17:26:44 moniBalance(021101) 
AppServer terminated.

2013/04/03 17:15:06 moniBalance(017143) 
模拟EWP余额查询报文 start

2013/04/03 17:15:06 moniBalance(017143) 
ewp data Balance return[366]:020031000020130403171506010010F1CADE000012345678MOBILEIMEI171506    15004031715ORDERNO0403171506                    5246222021001098550814D7E2636B605A14278596BCD7877B19DFA2309AF2141C8AE42466118C25D54E548E3B29E20C2C821748BB41114500397F1B41EF750A050DFE9C9D9BA81764B25625DD7C5D3AB2D8B2C4145B4825E8EEF14321432143214321DF3C3D60764B2BF61234123412341234selfdefineselfdefine.

2013/04/03 17:15:06 moniBalance(017143) 
attach to folder system ok !

2013/04/03 17:15:06 moniBalance(017143) 
folder myFid=1

2013/04/03 17:15:06 moniBalance(017143) 
Write finished,Write length =0

2013/04/03 17:15:06 moniBalance(017143) 
AppServer terminated.

