2012/07/05 14:40:00 moniXpep(017540) 
 模拟消费交易 start

2012/07/05 14:40:00 moniXpep(017540) 
datatime=0705144000

2012/07/05 14:40:00 moniXpep(017540) 
begin pakcet !

2012/07/05 14:40:00 moniXpep(017540) 
msgtype
0000h: 30 32 30 30                                     ; 0200

2012/07/05 14:40:00 moniXpep(017540) 
bit[2] data:
0000h: 36 30 31 33 38 32 35 30 30 35 30 30 30 31 36 33 ; 6013825005000163
0010h: 31 35 33                                        ; 153

2012/07/05 14:40:00 moniXpep(017540) 
bit[3] data:
0000h: 39 31 30 30 30 30                               ; 910000

2012/07/05 14:40:00 moniXpep(017540) 
bit[4] data:
0000h: 30 30 30 30 30 30 30 30 30 30 30 39             ; 000000000009

2012/07/05 14:40:00 moniXpep(017540) 
bit[7] data:
0000h: 30 37 30 35 31 34 34 30 30 30                   ; 0705144000

2012/07/05 14:40:00 moniXpep(017540) 
bit[11] data:
0000h: 31 34 34 30 30 30                               ; 144000

2012/07/05 14:40:00 moniXpep(017540) 
bit[12] data:
0000h: 31 34 34 30 30 30                               ; 144000

2012/07/05 14:40:00 moniXpep(017540) 
bit[13] data:
0000h: 30 37 30 35                                     ; 0705

2012/07/05 14:40:00 moniXpep(017540) 
bit[21] data:
0000h: 35 36 37 38 39 30 41 42 36 34 30 31 30 30 30 30 ; 567890AB64010000
0010h: 30 32 31 20 20 20 36 31 36 32 31 36 31 39 20 20 ; 021   61621619  
0020h: 20 20 32 30 32 32 30 30 30 30 31 35 30 30       ;   202200001500

2012/07/05 14:40:00 moniXpep(017540) 
bit[22] data:
0000h: 30 32 31                                        ; 021

2012/07/05 14:40:00 moniXpep(017540) 
bit[25] data:
0000h: 30 30                                           ; 00

2012/07/05 14:40:00 moniXpep(017540) 
bit[35] data:
0000h: 36 30 31 33 38 32 35 30 30 35 30 30 30 31 36 33 ; 6013825005000163
0010h: 31 35 33 3D 34 39 31 32 35 32 30 31 30 30 30 30 ; 153=491252010000
0020h: 37 30 37 30 30                                  ; 70700

2012/07/05 14:40:00 moniXpep(017540) 
bit[36] data:
0000h: 39 39 36 32 32 32 30 30 31 30 30 31 31 30 38 35 ; 9962220010011085
0010h: 36 30 38 33 31 3D 31 35 36 30 30 30 30 30 30 30 ; 60831=1560000000
0020h: 30 30 30 30 30 30 30 30 30 30 30 33 35 30 32 39 ; 0000000000035029
0030h: 39 39 32 31 36 30 30 30 30 30 37 30 31 30 30 30 ; 9921600000701000
0040h: 30 30 30 30 30 30 30 30 30 30 30 30 30 30 30 30 ; 0000000000000000
0050h: 30 30 3D 30 30 30 30                            ; 00=0000

2012/07/05 14:40:00 moniXpep(017540) 
bit[41] data:
0000h: 31 32 33 34 35 36 37 38                         ; 12345678

2012/07/05 14:40:00 moniXpep(017540) 
bit[42] data:
0000h: 38 36 30 30 31 30 30 33 30 32 31 30 30 34 36    ; 860010030210046

2012/07/05 14:40:00 moniXpep(017540) 
bit[48] data:
0000h: 31 31 32 32 33 33                               ; 112233

2012/07/05 14:40:00 moniXpep(017540) 
bit[49] data:
0000h: 31 35 36                                        ; 156

2012/07/05 14:40:00 moniXpep(017540) 
bit[52] data:
0000h: 41 31 38 36 43 34 35 44 30 39 36 42 44 46 32 39 ; A186C45D096BDF29


2012/07/05 14:40:00 moniXpep(017540) 
bit[53] data:
0000h: 31 30 30 30 30 30 30 30 30 30 30 30 30 30 30 30 ; 1000000000000000


2012/07/05 14:40:00 moniXpep(017540) 
bit[60] data:
0000h: 30 30 30 30 30 30 30 30 30 39 30 30 30 30 30 30 ; 0000000009000000
0010h: 30 30 30 30 30 30 31 30 30 30 30 30 30 30       ; 00000010000000

2012/07/05 14:40:00 moniXpep(017540) 
bit map
0000h: 72 38 0C 80 30 C1 98 10                         ; r8..0...

2012/07/05 14:40:00 moniXpep(017540) 
attach to folder system ok !

2012/07/05 14:40:00 moniXpep(017540) 
folder myFid=8

2012/07/05 14:40:00 moniXpep(017540) 
Write finished!

2012/07/05 14:40:00 moniXpep(017540) 
AppServer terminated.

2012/07/05 14:41:32 moniXpep(017706) 
 模拟消费交易 start

2012/07/05 14:41:32 moniXpep(017706) 
datatime=0705144132

2012/07/05 14:41:32 moniXpep(017706) 
begin pakcet !

2012/07/05 14:41:32 moniXpep(017706) 
msgtype
0000h: 30 32 30 30                                     ; 0200

2012/07/05 14:41:32 moniXpep(017706) 
bit[2] data:
0000h: 36 30 31 33 38 32 35 30 30 35 30 30 30 31 36 33 ; 6013825005000163
0010h: 31 35 33                                        ; 153

2012/07/05 14:41:32 moniXpep(017706) 
bit[3] data:
0000h: 39 31 30 30 30 30                               ; 910000

2012/07/05 14:41:32 moniXpep(017706) 
bit[4] data:
0000h: 30 30 30 30 30 30 30 30 30 30 30 39             ; 000000000009

2012/07/05 14:41:32 moniXpep(017706) 
bit[7] data:
0000h: 30 37 30 35 31 34 34 31 33 32                   ; 0705144132

2012/07/05 14:41:32 moniXpep(017706) 
bit[11] data:
0000h: 31 34 34 31 33 32                               ; 144132

2012/07/05 14:41:32 moniXpep(017706) 
bit[12] data:
0000h: 31 34 34 31 33 32                               ; 144132

2012/07/05 14:41:32 moniXpep(017706) 
bit[13] data:
0000h: 30 37 30 35                                     ; 0705

2012/07/05 14:41:32 moniXpep(017706) 
bit[21] data:
0000h: 35 36 37 38 39 30 41 42 36 34 30 31 30 30 30 30 ; 567890AB64010000
0010h: 30 32 31 20 20 20 36 31 36 32 31 36 31 39 20 20 ; 021   61621619  
0020h: 20 20 32 30 32 32 30 30 30 30 31 35 30 30       ;   202200001500

2012/07/05 14:41:32 moniXpep(017706) 
bit[22] data:
0000h: 30 32 31                                        ; 021

2012/07/05 14:41:32 moniXpep(017706) 
bit[25] data:
0000h: 30 30                                           ; 00

2012/07/05 14:41:32 moniXpep(017706) 
bit[35] data:
0000h: 36 30 31 33 38 32 35 30 30 35 30 30 30 31 36 33 ; 6013825005000163
0010h: 31 35 33 3D 34 39 31 32 35 32 30 31 30 30 30 30 ; 153=491252010000
0020h: 37 30 37 30 30                                  ; 70700

2012/07/05 14:41:32 moniXpep(017706) 
bit[36] data:
0000h: 39 39 36 32 32 32 30 30 31 30 30 31 31 30 38 35 ; 9962220010011085
0010h: 36 30 38 33 31 3D 31 35 36 30 30 30 30 30 30 30 ; 60831=1560000000
0020h: 30 30 30 30 30 30 30 30 30 30 30 33 35 30 32 39 ; 0000000000035029
0030h: 39 39 32 31 36 30 30 30 30 30 37 30 31 30 30 30 ; 9921600000701000
0040h: 30 30 30 30 30 30 30 30 30 30 30 30 30 30 30 30 ; 0000000000000000
0050h: 30 30 3D 30 30 30 30                            ; 00=0000

2012/07/05 14:41:32 moniXpep(017706) 
bit[41] data:
0000h: 31 31 32 32 33 33 34 34                         ; 11223344

2012/07/05 14:41:32 moniXpep(017706) 
bit[42] data:
0000h: 38 36 30 30 31 30 30 33 30 32 31 30 30 34 36    ; 860010030210046

2012/07/05 14:41:32 moniXpep(017706) 
bit[48] data:
0000h: 31 32 33 34 35 36                               ; 123456

2012/07/05 14:41:32 moniXpep(017706) 
bit[49] data:
0000h: 31 35 36                                        ; 156

2012/07/05 14:41:32 moniXpep(017706) 
bit[52] data:
0000h: 41 31 38 36 43 34 35 44 30 39 36 42 44 46 32 39 ; A186C45D096BDF29


2012/07/05 14:41:32 moniXpep(017706) 
bit[53] data:
0000h: 31 30 30 30 30 30 30 30 30 30 30 30 30 30 30 30 ; 1000000000000000


2012/07/05 14:41:32 moniXpep(017706) 
bit[60] data:
0000h: 30 30 30 30 30 30 30 30 30 39 30 30 30 30 30 30 ; 0000000009000000
0010h: 30 30 30 30 30 30 31 30 30 30 30 30 30 30       ; 00000010000000

2012/07/05 14:41:32 moniXpep(017706) 
bit map
0000h: 72 38 0C 80 30 C1 98 10                         ; r8..0...

2012/07/05 14:41:32 moniXpep(017706) 
attach to folder system ok !

2012/07/05 14:41:32 moniXpep(017706) 
folder myFid=8

2012/07/05 14:41:32 moniXpep(017706) 
Write finished!

2012/07/05 14:41:32 moniXpep(017706) 
AppServer terminated.

2012/07/05 14:44:38 moniXpep(017732) 
 模拟消费交易 start

2012/07/05 14:44:38 moniXpep(017732) 
datatime=0705144438

2012/07/05 14:44:38 moniXpep(017732) 
begin pakcet !

2012/07/05 14:44:38 moniXpep(017732) 
msgtype
0000h: 30 32 30 30                                     ; 0200

2012/07/05 14:44:38 moniXpep(017732) 
bit[2] data:
0000h: 36 30 31 33 38 32 35 30 30 35 30 30 30 31 36 33 ; 6013825005000163
0010h: 31 35 33                                        ; 153

2012/07/05 14:44:38 moniXpep(017732) 
bit[3] data:
0000h: 39 31 30 30 30 30                               ; 910000

2012/07/05 14:44:38 moniXpep(017732) 
bit[4] data:
0000h: 30 30 30 30 30 30 30 30 30 30 30 39             ; 000000000009

2012/07/05 14:44:38 moniXpep(017732) 
bit[7] data:
0000h: 30 37 30 35 31 34 34 34 33 38                   ; 0705144438

2012/07/05 14:44:38 moniXpep(017732) 
bit[11] data:
0000h: 31 34 34 34 33 38                               ; 144438

2012/07/05 14:44:38 moniXpep(017732) 
bit[12] data:
0000h: 31 34 34 34 33 38                               ; 144438

2012/07/05 14:44:38 moniXpep(017732) 
bit[13] data:
0000h: 30 37 30 35                                     ; 0705

2012/07/05 14:44:38 moniXpep(017732) 
bit[21] data:
0000h: 35 36 37 38 39 30 41 42 36 34 30 31 30 30 30 30 ; 567890AB64010000
0010h: 30 32 31 20 20 20 36 31 36 32 31 36 31 39 20 20 ; 021   61621619  
0020h: 20 20 32 30 32 32 30 30 30 30 31 35 30 30       ;   202200001500

2012/07/05 14:44:38 moniXpep(017732) 
bit[22] data:
0000h: 30 32 31                                        ; 021

2012/07/05 14:44:38 moniXpep(017732) 
bit[25] data:
0000h: 30 30                                           ; 00

2012/07/05 14:44:38 moniXpep(017732) 
bit[35] data:
0000h: 36 30 31 33 38 32 35 30 30 35 30 30 30 31 36 33 ; 6013825005000163
0010h: 31 35 33 3D 34 39 31 32 35 32 30 31 30 30 30 30 ; 153=491252010000
0020h: 37 30 37 30 30                                  ; 70700

2012/07/05 14:44:38 moniXpep(017732) 
bit[36] data:
0000h: 39 39 36 32 32 32 30 30 31 30 30 31 31 30 38 35 ; 9962220010011085
0010h: 36 30 38 33 31 3D 31 35 36 30 30 30 30 30 30 30 ; 60831=1560000000
0020h: 30 30 30 30 30 30 30 30 30 30 30 33 35 30 32 39 ; 0000000000035029
0030h: 39 39 32 31 36 30 30 30 30 30 37 30 31 30 30 30 ; 9921600000701000
0040h: 30 30 30 30 30 30 30 30 30 30 30 30 30 30 30 30 ; 0000000000000000
0050h: 30 30 3D 30 30 30 30                            ; 00=0000

2012/07/05 14:44:38 moniXpep(017732) 
bit[41] data:
0000h: 31 31 32 32 33 33 34 34                         ; 11223344

2012/07/05 14:44:38 moniXpep(017732) 
bit[42] data:
0000h: 38 36 30 30 31 30 30 33 30 32 31 30 30 34 36    ; 860010030210046

2012/07/05 14:44:38 moniXpep(017732) 
bit[48] data:
0000h: 31 32 33 34 35 36                               ; 123456

2012/07/05 14:44:38 moniXpep(017732) 
bit[49] data:
0000h: 31 35 36                                        ; 156

2012/07/05 14:44:38 moniXpep(017732) 
bit[52] data:
0000h: 41 31 38 36 43 34 35 44 30 39 36 42 44 46 32 39 ; A186C45D096BDF29


2012/07/05 14:44:38 moniXpep(017732) 
bit[53] data:
0000h: 31 30 30 30 30 30 30 30 30 30 30 30 30 30 30 30 ; 1000000000000000


2012/07/05 14:44:38 moniXpep(017732) 
bit[60] data:
0000h: 30 30 30 30 30 30 30 30 30 39 30 30 30 30 30 30 ; 0000000009000000
0010h: 30 30 30 30 30 30 31 30 30 30 30 30 30 30       ; 00000010000000

2012/07/05 14:44:38 moniXpep(017732) 
bit map
0000h: 72 38 0C 80 30 C1 98 10                         ; r8..0...

2012/07/05 14:44:38 moniXpep(017732) 
attach to folder system ok !

2012/07/05 14:44:38 moniXpep(017732) 
folder myFid=8

2012/07/05 14:44:38 moniXpep(017732) 
Write finished!

2012/07/05 14:44:38 moniXpep(017732) 
AppServer terminated.

2012/07/05 15:00:15 moniXpep(017967) 
 模拟消费交易 start

2012/07/05 15:00:15 moniXpep(017967) 
datatime=0705150015

2012/07/05 15:00:15 moniXpep(017967) 
begin pakcet !

2012/07/05 15:00:15 moniXpep(017967) 
msgtype
0000h: 30 32 30 30                                     ; 0200

2012/07/05 15:00:15 moniXpep(017967) 
bit[2] data:
0000h: 36 30 31 33 38 32 35 30 30 35 30 30 30 31 36 33 ; 6013825005000163
0010h: 31 35 33                                        ; 153

2012/07/05 15:00:15 moniXpep(017967) 
bit[3] data:
0000h: 39 31 30 30 30 30                               ; 910000

2012/07/05 15:00:15 moniXpep(017967) 
bit[4] data:
0000h: 30 30 30 30 30 30 30 30 30 30 30 39             ; 000000000009

2012/07/05 15:00:15 moniXpep(017967) 
bit[7] data:
0000h: 30 37 30 35 31 35 30 30 31 35                   ; 0705150015

2012/07/05 15:00:15 moniXpep(017967) 
bit[11] data:
0000h: 31 35 30 30 31 35                               ; 150015

2012/07/05 15:00:15 moniXpep(017967) 
bit[12] data:
0000h: 31 35 30 30 31 35                               ; 150015

2012/07/05 15:00:15 moniXpep(017967) 
bit[13] data:
0000h: 30 37 30 35                                     ; 0705

2012/07/05 15:00:15 moniXpep(017967) 
bit[21] data:
0000h: 35 36 37 38 39 30 41 42 36 34 30 31 30 30 30 30 ; 567890AB64010000
0010h: 30 32 31 20 20 20 36 31 36 32 31 36 31 39 20 20 ; 021   61621619  
0020h: 20 20 32 30 32 32 30 30 30 30 31 35 30 30       ;   202200001500

2012/07/05 15:00:15 moniXpep(017967) 
bit[22] data:
0000h: 30 32 31                                        ; 021

2012/07/05 15:00:15 moniXpep(017967) 
bit[25] data:
0000h: 30 30                                           ; 00

2012/07/05 15:00:15 moniXpep(017967) 
bit[35] data:
0000h: 36 30 31 33 38 32 35 30 30 35 30 30 30 31 36 33 ; 6013825005000163
0010h: 31 35 33 3D 34 39 31 32 35 32 30 31 30 30 30 30 ; 153=491252010000
0020h: 37 30 37 30 30                                  ; 70700

2012/07/05 15:00:15 moniXpep(017967) 
bit[36] data:
0000h: 39 39 36 32 32 32 30 30 31 30 30 31 31 30 38 35 ; 9962220010011085
0010h: 36 30 38 33 31 3D 31 35 36 30 30 30 30 30 30 30 ; 60831=1560000000
0020h: 30 30 30 30 30 30 30 30 30 30 30 33 35 30 32 39 ; 0000000000035029
0030h: 39 39 32 31 36 30 30 30 30 30 37 30 31 30 30 30 ; 9921600000701000
0040h: 30 30 30 30 30 30 30 30 30 30 30 30 30 30 30 30 ; 0000000000000000
0050h: 30 30 3D 30 30 30 30                            ; 00=0000

2012/07/05 15:00:15 moniXpep(017967) 
bit[41] data:
0000h: 31 31 32 32 33 33 34 34                         ; 11223344

2012/07/05 15:00:15 moniXpep(017967) 
bit[42] data:
0000h: 38 36 30 30 31 30 30 33 30 32 31 30 30 34 36    ; 860010030210046

2012/07/05 15:00:15 moniXpep(017967) 
bit[48] data:
0000h: 31 32 33 34 35 36                               ; 123456

2012/07/05 15:00:15 moniXpep(017967) 
bit[49] data:
0000h: 31 35 36                                        ; 156

2012/07/05 15:00:15 moniXpep(017967) 
bit[52] data:
0000h: 41 31 38 36 43 34 35 44 30 39 36 42 44 46 32 39 ; A186C45D096BDF29


2012/07/05 15:00:15 moniXpep(017967) 
bit[53] data:
0000h: 31 30 30 30 30 30 30 30 30 30 30 30 30 30 30 30 ; 1000000000000000


2012/07/05 15:00:15 moniXpep(017967) 
bit[60] data:
0000h: 30 30 30 30 30 30 30 30 30 39 30 30 30 30 30 30 ; 0000000009000000
0010h: 30 30 30 30 30 30 31 30 30 30 30 30 30 30       ; 00000010000000

2012/07/05 15:00:15 moniXpep(017967) 
bit map
0000h: 72 38 0C 80 30 C1 98 10                         ; r8..0...

2012/07/05 15:00:15 moniXpep(017967) 
attach to folder system ok !

2012/07/05 15:00:15 moniXpep(017967) 
folder myFid=8

2012/07/05 15:00:15 moniXpep(017967) 
Write finished!

2012/07/05 15:00:15 moniXpep(017967) 
AppServer terminated.

2012/07/06 14:22:54 moniXpep(023367) 
 模拟消费交易 start

2012/07/06 14:22:54 moniXpep(023367) 
datatime=0706142254

2012/07/06 14:22:54 moniXpep(023367) 
begin pakcet !

2012/07/06 14:22:54 moniXpep(023367) 
msgtype
0000h: 30 32 30 30                                     ; 0200

2012/07/06 14:22:54 moniXpep(023367) 
bit[2] data:
0000h: 36 30 31 33 38 32 35 30 30 35 30 30 30 31 36 33 ; 6013825005000163
0010h: 31 35 33                                        ; 153

2012/07/06 14:22:54 moniXpep(023367) 
bit[3] data:
0000h: 39 31 30 30 30 30                               ; 910000

2012/07/06 14:22:54 moniXpep(023367) 
bit[4] data:
0000h: 30 30 30 30 30 30 30 30 30 30 30 39             ; 000000000009

2012/07/06 14:22:54 moniXpep(023367) 
bit[7] data:
0000h: 30 37 30 36 31 34 32 32 35 34                   ; 0706142254

2012/07/06 14:22:54 moniXpep(023367) 
bit[11] data:
0000h: 31 34 32 32 35 34                               ; 142254

2012/07/06 14:22:54 moniXpep(023367) 
bit[12] data:
0000h: 31 34 32 32 35 34                               ; 142254

2012/07/06 14:22:54 moniXpep(023367) 
bit[13] data:
0000h: 30 37 30 36                                     ; 0706

2012/07/06 14:22:54 moniXpep(023367) 
bit[21] data:
0000h: 35 36 37 38 39 30 41 42 36 34 30 31 30 30 30 30 ; 567890AB64010000
0010h: 30 32 31 20 20 20 36 31 36 32 31 36 31 39 20 20 ; 021   61621619  
0020h: 20 20 32 30 32 32 30 30 30 30 31 35 30 30       ;   202200001500

2012/07/06 14:22:54 moniXpep(023367) 
bit[22] data:
0000h: 30 32 31                                        ; 021

2012/07/06 14:22:54 moniXpep(023367) 
bit[25] data:
0000h: 30 30                                           ; 00

2012/07/06 14:22:54 moniXpep(023367) 
bit[35] data:
0000h: 36 30 31 33 38 32 35 30 30 35 30 30 30 31 36 33 ; 6013825005000163
0010h: 31 35 33 3D 34 39 31 32 35 32 30 31 30 30 30 30 ; 153=491252010000
0020h: 37 30 37 30 30                                  ; 70700

2012/07/06 14:22:54 moniXpep(023367) 
bit[36] data:
0000h: 39 39 36 32 32 32 30 30 31 30 30 31 31 30 38 35 ; 9962220010011085
0010h: 36 30 38 33 31 3D 31 35 36 30 30 30 30 30 30 30 ; 60831=1560000000
0020h: 30 30 30 30 30 30 30 30 30 30 30 33 35 30 32 39 ; 0000000000035029
0030h: 39 39 32 31 36 30 30 30 30 30 37 30 31 30 30 30 ; 9921600000701000
0040h: 30 30 30 30 30 30 30 30 30 30 30 30 30 30 30 30 ; 0000000000000000
0050h: 30 30 3D 30 30 30 30                            ; 00=0000

2012/07/06 14:22:54 moniXpep(023367) 
bit[41] data:
0000h: 31 31 32 32 33 33 34 34                         ; 11223344

2012/07/06 14:22:54 moniXpep(023367) 
bit[42] data:
0000h: 38 36 30 30 31 30 30 33 30 32 31 30 30 34 36    ; 860010030210046

2012/07/06 14:22:54 moniXpep(023367) 
bit[48] data:
0000h: 31 32 33 34 35 36                               ; 123456

2012/07/06 14:22:54 moniXpep(023367) 
bit[49] data:
0000h: 31 35 36                                        ; 156

2012/07/06 14:22:54 moniXpep(023367) 
bit[52] data:
0000h: 41 31 38 36 43 34 35 44 30 39 36 42 44 46 32 39 ; A186C45D096BDF29


2012/07/06 14:22:54 moniXpep(023367) 
bit[53] data:
0000h: 31 30 30 30 30 30 30 30 30 30 30 30 30 30 30 30 ; 1000000000000000


2012/07/06 14:22:54 moniXpep(023367) 
bit[60] data:
0000h: 30 30 30 30 30 30 30 30 30 39 30 30 30 30 30 30 ; 0000000009000000
0010h: 30 30 30 30 30 30 31 30 30 30 30 30 30 30       ; 00000010000000

2012/07/06 14:22:54 moniXpep(023367) 
bit map
0000h: 72 38 0C 80 30 C1 98 10                         ; r8..0...

2012/07/06 14:22:54 moniXpep(023367) 
attach to folder system ok !

2012/07/06 14:22:54 moniXpep(023367) 
folder myFid=8

2012/07/06 14:22:54 moniXpep(023367) 
Write finished!

2012/07/06 14:22:54 moniXpep(023367) 
AppServer terminated.

2012/07/06 14:24:03 moniXpep(023430) 
 模拟消费交易 start

2012/07/06 14:24:03 moniXpep(023430) 
datatime=0706142403

2012/07/06 14:24:03 moniXpep(023430) 
begin pakcet !

2012/07/06 14:24:03 moniXpep(023430) 
msgtype
0000h: 30 32 30 30                                     ; 0200

2012/07/06 14:24:03 moniXpep(023430) 
bit[2] data:
0000h: 36 30 31 33 38 32 35 30 30 35 30 30 30 31 36 33 ; 6013825005000163
0010h: 31 35 33                                        ; 153

2012/07/06 14:24:03 moniXpep(023430) 
bit[3] data:
0000h: 39 31 30 30 30 30                               ; 910000

2012/07/06 14:24:03 moniXpep(023430) 
bit[4] data:
0000h: 30 30 30 30 30 30 30 30 30 30 30 39             ; 000000000009

2012/07/06 14:24:03 moniXpep(023430) 
bit[7] data:
0000h: 30 37 30 36 31 34 32 34 30 33                   ; 0706142403

2012/07/06 14:24:03 moniXpep(023430) 
bit[11] data:
0000h: 31 34 32 34 30 33                               ; 142403

2012/07/06 14:24:03 moniXpep(023430) 
bit[12] data:
0000h: 31 34 32 34 30 33                               ; 142403

2012/07/06 14:24:03 moniXpep(023430) 
bit[13] data:
0000h: 30 37 30 36                                     ; 0706

2012/07/06 14:24:03 moniXpep(023430) 
bit[21] data:
0000h: 35 36 37 38 39 30 41 42 36 34 30 31 30 30 30 30 ; 567890AB64010000
0010h: 30 32 31 20 20 20 36 31 36 32 31 36 31 39 20 20 ; 021   61621619  
0020h: 20 20 32 30 32 32 30 30 30 30 31 35 30 30       ;   202200001500

2012/07/06 14:24:03 moniXpep(023430) 
bit[22] data:
0000h: 30 32 31                                        ; 021

2012/07/06 14:24:03 moniXpep(023430) 
bit[25] data:
0000h: 30 30                                           ; 00

2012/07/06 14:24:03 moniXpep(023430) 
bit[35] data:
0000h: 36 30 31 33 38 32 35 30 30 35 30 30 30 31 36 33 ; 6013825005000163
0010h: 31 35 33 3D 34 39 31 32 35 32 30 31 30 30 30 30 ; 153=491252010000
0020h: 37 30 37 30 30                                  ; 70700

2012/07/06 14:24:03 moniXpep(023430) 
bit[36] data:
0000h: 39 39 36 32 32 32 30 30 31 30 30 31 31 30 38 35 ; 9962220010011085
0010h: 36 30 38 33 31 3D 31 35 36 30 30 30 30 30 30 30 ; 60831=1560000000
0020h: 30 30 30 30 30 30 30 30 30 30 30 33 35 30 32 39 ; 0000000000035029
0030h: 39 39 32 31 36 30 30 30 30 30 37 30 31 30 30 30 ; 9921600000701000
0040h: 30 30 30 30 30 30 30 30 30 30 30 30 30 30 30 30 ; 0000000000000000
0050h: 30 30 3D 30 30 30 30                            ; 00=0000

2012/07/06 14:24:03 moniXpep(023430) 
bit[41] data:
0000h: 31 31 32 32 33 33 34 34                         ; 11223344

2012/07/06 14:24:03 moniXpep(023430) 
bit[42] data:
0000h: 38 36 30 30 31 30 30 33 30 32 31 30 30 34 36    ; 860010030210046

2012/07/06 14:24:03 moniXpep(023430) 
bit[48] data:
0000h: 31 32 33 34 35 36                               ; 123456

2012/07/06 14:24:03 moniXpep(023430) 
bit[49] data:
0000h: 31 35 36                                        ; 156

2012/07/06 14:24:03 moniXpep(023430) 
bit[52] data:
0000h: 46 33 33 42 32 35 36 35 32 43 31 42 44 36 34 38 ; F33B25652C1BD648


2012/07/06 14:24:03 moniXpep(023430) 
bit[53] data:
0000h: 31 30 30 30 30 30 30 30 30 30 30 30 30 30 30 30 ; 1000000000000000


2012/07/06 14:24:03 moniXpep(023430) 
bit[60] data:
0000h: 30 30 30 30 30 30 30 30 30 39 30 30 30 30 30 30 ; 0000000009000000
0010h: 30 30 30 30 30 30 31 30 30 30 30 30 30 30       ; 00000010000000

2012/07/06 14:24:03 moniXpep(023430) 
bit map
0000h: 72 38 0C 80 30 C1 98 10                         ; r8..0...

2012/07/06 14:24:03 moniXpep(023430) 
attach to folder system ok !

2012/07/06 14:24:03 moniXpep(023430) 
folder myFid=8

2012/07/06 14:24:03 moniXpep(023430) 
Write finished!

2012/07/06 14:24:03 moniXpep(023430) 
AppServer terminated.

2012/08/10 15:41:44 moniXpep(020542) 
 模拟消费交易 start

2012/08/10 15:41:44 moniXpep(020542) 
datatime=0810154144

2012/08/10 15:41:44 moniXpep(020542) 
begin pakcet !

2012/08/10 15:41:44 moniXpep(020542) 
msgtype
0000h: 30 32 30 30                                     ; 0200

2012/08/10 15:41:44 moniXpep(020542) 
bit[2] data:
0000h: 36 30 31 33 38 32 35 30 30 35 30 30 30 31 36 33 ; 6013825005000163
0010h: 31 35 33                                        ; 153

2012/08/10 15:41:44 moniXpep(020542) 
bit[3] data:
0000h: 39 31 30 30 30 30                               ; 910000

2012/08/10 15:41:44 moniXpep(020542) 
bit[4] data:
0000h: 30 30 30 30 30 30 30 30 30 30 30 39             ; 000000000009

2012/08/10 15:41:44 moniXpep(020542) 
bit[7] data:
0000h: 30 38 31 30 31 35 34 31 34 34                   ; 0810154144

2012/08/10 15:41:44 moniXpep(020542) 
bit[11] data:
0000h: 31 35 34 31 34 34                               ; 154144

2012/08/10 15:41:44 moniXpep(020542) 
bit[12] data:
0000h: 31 35 34 31 34 34                               ; 154144

2012/08/10 15:41:44 moniXpep(020542) 
bit[13] data:
0000h: 30 38 31 30                                     ; 0810

2012/08/10 15:41:44 moniXpep(020542) 
bit[21] data:
0000h: 35 36 37 38 39 30 41 42 36 34 30 31 30 30 30 30 ; 567890AB64010000
0010h: 30 32 31 20 20 20 36 31 36 32 31 36 31 39 20 20 ; 021   61621619  
0020h: 20 20 32 30 32 32 30 30 30 30 31 35 30 30       ;   202200001500

2012/08/10 15:41:44 moniXpep(020542) 
bit[22] data:
0000h: 30 32 31                                        ; 021

2012/08/10 15:41:44 moniXpep(020542) 
bit[25] data:
0000h: 30 30                                           ; 00

2012/08/10 15:41:44 moniXpep(020542) 
bit[35] data:
0000h: 36 30 31 33 38 32 35 30 30 35 30 30 30 31 36 33 ; 6013825005000163
0010h: 31 35 33 3D 34 39 31 32 35 32 30 31 30 30 30 30 ; 153=491252010000
0020h: 37 30 37 30 30                                  ; 70700

2012/08/10 15:41:44 moniXpep(020542) 
bit[36] data:
0000h: 39 39 36 32 32 32 30 30 31 30 30 31 31 30 38 35 ; 9962220010011085
0010h: 36 30 38 33 31 3D 31 35 36 30 30 30 30 30 30 30 ; 60831=1560000000
0020h: 30 30 30 30 30 30 30 30 30 30 30 33 35 30 32 39 ; 0000000000035029
0030h: 39 39 32 31 36 30 30 30 30 30 37 30 31 30 30 30 ; 9921600000701000
0040h: 30 30 30 30 30 30 30 30 30 30 30 30 30 30 30 30 ; 0000000000000000
0050h: 30 30 3D 30 30 30 30                            ; 00=0000

2012/08/10 15:41:44 moniXpep(020542) 
bit[41] data:
0000h: 31 31 32 32 33 33 34 34                         ; 11223344

2012/08/10 15:41:44 moniXpep(020542) 
bit[42] data:
0000h: 38 36 30 30 31 30 30 33 30 32 31 30 30 34 36    ; 860010030210046

2012/08/10 15:41:44 moniXpep(020542) 
bit[48] data:
0000h: 31 32 33 34 35 36                               ; 123456

2012/08/10 15:41:44 moniXpep(020542) 
bit[49] data:
0000h: 31 35 36                                        ; 156

2012/08/10 15:41:44 moniXpep(020542) 
bit[52] data:
0000h: 46 33 33 42 32 35 36 35 32 43 31 42 44 36 34 38 ; F33B25652C1BD648


2012/08/10 15:41:44 moniXpep(020542) 
bit[53] data:
0000h: 31 30 30 30 30 30 30 30 30 30 30 30 30 30 30 30 ; 1000000000000000


2012/08/10 15:41:44 moniXpep(020542) 
bit[60] data:
0000h: 30 30 30 30 30 30 30 30 30 39 30 30 30 30 30 30 ; 0000000009000000
0010h: 30 30 30 30 30 30 31 30 30 30 30 30 30 30       ; 00000010000000

2012/08/10 15:41:44 moniXpep(020542) 
bit map
0000h: 72 38 0C 80 30 C1 98 10                         ; r8..0...

2012/08/10 15:41:44 moniXpep(020542) 
attach to folder system ok !

2012/08/10 15:41:44 moniXpep(020542) 
folder myFid=8

2012/08/10 15:41:44 moniXpep(020542) 
Write finished!

2012/08/10 15:41:44 moniXpep(020542) 
AppServer terminated.

2012/08/10 16:23:28 moniXpep(020582) 
 模拟消费交易 start

2012/08/10 16:23:28 moniXpep(020582) 
datatime=0810162328

2012/08/10 16:23:28 moniXpep(020582) 
begin pakcet !

2012/08/10 16:23:28 moniXpep(020582) 
msgtype
0000h: 30 32 30 30                                     ; 0200

2012/08/10 16:23:28 moniXpep(020582) 
bit[2] data:
0000h: 36 30 31 33 38 32 35 30 30 35 30 30 30 31 36 33 ; 6013825005000163
0010h: 31 35 33                                        ; 153

2012/08/10 16:23:28 moniXpep(020582) 
bit[3] data:
0000h: 39 31 30 30 30 30                               ; 910000

2012/08/10 16:23:28 moniXpep(020582) 
bit[4] data:
0000h: 30 30 30 30 30 30 30 30 30 30 30 39             ; 000000000009

2012/08/10 16:23:28 moniXpep(020582) 
bit[7] data:
0000h: 30 38 31 30 31 36 32 33 32 38                   ; 0810162328

2012/08/10 16:23:28 moniXpep(020582) 
bit[11] data:
0000h: 31 36 32 33 32 38                               ; 162328

2012/08/10 16:23:28 moniXpep(020582) 
bit[12] data:
0000h: 31 36 32 33 32 38                               ; 162328

2012/08/10 16:23:28 moniXpep(020582) 
bit[13] data:
0000h: 30 38 31 30                                     ; 0810

2012/08/10 16:23:28 moniXpep(020582) 
bit[21] data:
0000h: 35 36 37 38 39 30 41 42 36 34 30 31 30 30 30 30 ; 567890AB64010000
0010h: 30 32 31 20 20 20 36 31 36 32 31 36 31 39 20 20 ; 021   61621619  
0020h: 20 20 32 30 32 32 30 30 30 30 31 35 30 30       ;   202200001500

2012/08/10 16:23:28 moniXpep(020582) 
bit[22] data:
0000h: 30 32 31                                        ; 021

2012/08/10 16:23:28 moniXpep(020582) 
bit[25] data:
0000h: 30 30                                           ; 00

2012/08/10 16:23:28 moniXpep(020582) 
bit[35] data:
0000h: 36 30 31 33 38 32 35 30 30 35 30 30 30 31 36 33 ; 6013825005000163
0010h: 31 35 33 3D 34 39 31 32 35 32 30 31 30 30 30 30 ; 153=491252010000
0020h: 37 30 37 30 30                                  ; 70700

2012/08/10 16:23:28 moniXpep(020582) 
bit[36] data:
0000h: 39 39 36 32 32 32 30 30 31 30 30 31 31 30 38 35 ; 9962220010011085
0010h: 36 30 38 33 31 3D 31 35 36 30 30 30 30 30 30 30 ; 60831=1560000000
0020h: 30 30 30 30 30 30 30 30 30 30 30 33 35 30 32 39 ; 0000000000035029
0030h: 39 39 32 31 36 30 30 30 30 30 37 30 31 30 30 30 ; 9921600000701000
0040h: 30 30 30 30 30 30 30 30 30 30 30 30 30 30 30 30 ; 0000000000000000
0050h: 30 30 3D 30 30 30 30                            ; 00=0000

2012/08/10 16:23:28 moniXpep(020582) 
bit[41] data:
0000h: 31 31 32 32 33 33 34 34                         ; 11223344

2012/08/10 16:23:28 moniXpep(020582) 
bit[42] data:
0000h: 38 36 30 30 31 30 30 33 30 32 31 30 30 34 36    ; 860010030210046

2012/08/10 16:23:28 moniXpep(020582) 
bit[48] data:
0000h: 31 32 33 34 35 36                               ; 123456

2012/08/10 16:23:28 moniXpep(020582) 
bit[49] data:
0000h: 31 35 36                                        ; 156

2012/08/10 16:23:28 moniXpep(020582) 
bit[52] data:
0000h: 46 33 33 42 32 35 36 35 32 43 31 42 44 36 34 38 ; F33B25652C1BD648


2012/08/10 16:23:28 moniXpep(020582) 
bit[53] data:
0000h: 31 30 30 30 30 30 30 30 30 30 30 30 30 30 30 30 ; 1000000000000000


2012/08/10 16:23:28 moniXpep(020582) 
bit[60] data:
0000h: 30 30 30 30 30 30 30 30 30 39 30 30 30 30 30 30 ; 0000000009000000
0010h: 30 30 30 30 30 30 31 30 30 30 30 30 30 30       ; 00000010000000

2012/08/10 16:23:28 moniXpep(020582) 
bit map
0000h: 72 38 0C 80 30 C1 98 10                         ; r8..0...

2012/08/10 16:23:28 moniXpep(020582) 
attach to folder system ok !

2012/08/10 16:23:28 moniXpep(020582) 
folder myFid=8

2012/08/10 16:23:28 moniXpep(020582) 
Write finished!

2012/08/10 16:23:28 moniXpep(020582) 
AppServer terminated.

2012/08/10 16:33:05 moniXpep(020597) 
 模拟消费交易 start

2012/08/10 16:33:05 moniXpep(020597) 
datatime=0810163305

2012/08/10 16:33:05 moniXpep(020597) 
begin pakcet !

2012/08/10 16:33:05 moniXpep(020597) 
msgtype
0000h: 30 32 30 30                                     ; 0200

2012/08/10 16:33:05 moniXpep(020597) 
bit[2] data:
0000h: 36 30 31 33 38 32 35 30 30 35 30 30 30 31 36 33 ; 6013825005000163
0010h: 31 35 33                                        ; 153

2012/08/10 16:33:05 moniXpep(020597) 
bit[3] data:
0000h: 39 31 30 30 30 30                               ; 910000

2012/08/10 16:33:05 moniXpep(020597) 
bit[4] data:
0000h: 30 30 30 30 30 30 30 30 30 30 30 39             ; 000000000009

2012/08/10 16:33:05 moniXpep(020597) 
bit[7] data:
0000h: 30 38 31 30 31 36 33 33 30 35                   ; 0810163305

2012/08/10 16:33:05 moniXpep(020597) 
bit[11] data:
0000h: 31 36 33 33 30 35                               ; 163305

2012/08/10 16:33:05 moniXpep(020597) 
bit[12] data:
0000h: 31 36 33 33 30 35                               ; 163305

2012/08/10 16:33:05 moniXpep(020597) 
bit[13] data:
0000h: 30 38 31 30                                     ; 0810

2012/08/10 16:33:05 moniXpep(020597) 
bit[21] data:
0000h: 35 36 37 38 39 30 41 42 36 34 30 31 30 30 30 30 ; 567890AB64010000
0010h: 30 32 31 20 20 20 36 31 36 32 31 36 31 39 20 20 ; 021   61621619  
0020h: 20 20 32 30 32 32 30 30 30 30 31 35 30 30       ;   202200001500

2012/08/10 16:33:05 moniXpep(020597) 
bit[22] data:
0000h: 30 32 31                                        ; 021

2012/08/10 16:33:05 moniXpep(020597) 
bit[25] data:
0000h: 30 30                                           ; 00

2012/08/10 16:33:05 moniXpep(020597) 
bit[35] data:
0000h: 36 30 31 33 38 32 35 30 30 35 30 30 30 31 36 33 ; 6013825005000163
0010h: 31 35 33 3D 34 39 31 32 35 32 30 31 30 30 30 30 ; 153=491252010000
0020h: 37 30 37 30 30                                  ; 70700

2012/08/10 16:33:05 moniXpep(020597) 
bit[36] data:
0000h: 39 39 36 32 32 32 30 30 31 30 30 31 31 30 38 35 ; 9962220010011085
0010h: 36 30 38 33 31 3D 31 35 36 30 30 30 30 30 30 30 ; 60831=1560000000
0020h: 30 30 30 30 30 30 30 30 30 30 30 33 35 30 32 39 ; 0000000000035029
0030h: 39 39 32 31 36 30 30 30 30 30 37 30 31 30 30 30 ; 9921600000701000
0040h: 30 30 30 30 30 30 30 30 30 30 30 30 30 30 30 30 ; 0000000000000000
0050h: 30 30 3D 30 30 30 30                            ; 00=0000

2012/08/10 16:33:05 moniXpep(020597) 
bit[41] data:
0000h: 31 31 32 32 33 33 34 34                         ; 11223344

2012/08/10 16:33:05 moniXpep(020597) 
bit[42] data:
0000h: 38 36 30 30 31 30 30 33 30 32 31 30 30 34 36    ; 860010030210046

2012/08/10 16:33:05 moniXpep(020597) 
bit[48] data:
0000h: 31 32 33 34 35 36                               ; 123456

2012/08/10 16:33:05 moniXpep(020597) 
bit[49] data:
0000h: 31 35 36                                        ; 156

2012/08/10 16:33:05 moniXpep(020597) 
bit[52] data:
0000h: 46 33 33 42 32 35 36 35 32 43 31 42 44 36 34 38 ; F33B25652C1BD648


2012/08/10 16:33:05 moniXpep(020597) 
bit[53] data:
0000h: 31 30 30 30 30 30 30 30 30 30 30 30 30 30 30 30 ; 1000000000000000


2012/08/10 16:33:05 moniXpep(020597) 
bit[60] data:
0000h: 30 30 30 30 30 30 30 30 30 39 30 30 30 30 30 30 ; 0000000009000000
0010h: 30 30 30 30 30 30 31 30 30 30 30 30 30 30       ; 00000010000000

2012/08/10 16:33:05 moniXpep(020597) 
bit map
0000h: 72 38 0C 80 30 C1 98 10                         ; r8..0...

2012/08/10 16:33:05 moniXpep(020597) 
attach to folder system ok !

2012/08/10 16:33:05 moniXpep(020597) 
folder myFid=8

2012/08/10 16:33:05 moniXpep(020597) 
Write finished!

2012/08/10 16:33:05 moniXpep(020597) 
AppServer terminated.

2012/08/10 16:37:06 moniXpep(020600) 
 模拟消费交易 start

2012/08/10 16:37:06 moniXpep(020600) 
datatime=0810163706

2012/08/10 16:37:06 moniXpep(020600) 
begin pakcet !

2012/08/10 16:37:06 moniXpep(020600) 
msgtype
0000h: 30 32 30 30                                     ; 0200

2012/08/10 16:37:06 moniXpep(020600) 
bit[2] data:
0000h: 36 30 31 33 38 32 35 30 30 35 30 30 30 31 36 33 ; 6013825005000163
0010h: 31 35 33                                        ; 153

2012/08/10 16:37:06 moniXpep(020600) 
bit[3] data:
0000h: 39 31 30 30 30 30                               ; 910000

2012/08/10 16:37:06 moniXpep(020600) 
bit[4] data:
0000h: 30 30 30 30 30 30 30 30 30 30 30 39             ; 000000000009

2012/08/10 16:37:06 moniXpep(020600) 
bit[7] data:
0000h: 30 38 31 30 31 36 33 37 30 36                   ; 0810163706

2012/08/10 16:37:06 moniXpep(020600) 
bit[11] data:
0000h: 31 36 33 37 30 36                               ; 163706

2012/08/10 16:37:06 moniXpep(020600) 
bit[12] data:
0000h: 31 36 33 37 30 36                               ; 163706

2012/08/10 16:37:06 moniXpep(020600) 
bit[13] data:
0000h: 30 38 31 30                                     ; 0810

2012/08/10 16:37:06 moniXpep(020600) 
bit[21] data:
0000h: 35 36 37 38 39 30 41 42 36 34 30 31 30 30 30 30 ; 567890AB64010000
0010h: 30 32 31 20 20 20 36 31 36 32 31 36 31 39 20 20 ; 021   61621619  
0020h: 20 20 32 30 32 32 30 30 30 30 31 35 30 30       ;   202200001500

2012/08/10 16:37:06 moniXpep(020600) 
bit[22] data:
0000h: 30 32 31                                        ; 021

2012/08/10 16:37:06 moniXpep(020600) 
bit[25] data:
0000h: 30 30                                           ; 00

2012/08/10 16:37:06 moniXpep(020600) 
bit[35] data:
0000h: 36 30 31 33 38 32 35 30 30 35 30 30 30 31 36 33 ; 6013825005000163
0010h: 31 35 33 3D 34 39 31 32 35 32 30 31 30 30 30 30 ; 153=491252010000
0020h: 37 30 37 30 30                                  ; 70700

2012/08/10 16:37:06 moniXpep(020600) 
bit[36] data:
0000h: 39 39 36 32 32 32 30 30 31 30 30 31 31 30 38 35 ; 9962220010011085
0010h: 36 30 38 33 31 3D 31 35 36 30 30 30 30 30 30 30 ; 60831=1560000000
0020h: 30 30 30 30 30 30 30 30 30 30 30 33 35 30 32 39 ; 0000000000035029
0030h: 39 39 32 31 36 30 30 30 30 30 37 30 31 30 30 30 ; 9921600000701000
0040h: 30 30 30 30 30 30 30 30 30 30 30 30 30 30 30 30 ; 0000000000000000
0050h: 30 30 3D 30 30 30 30                            ; 00=0000

2012/08/10 16:37:06 moniXpep(020600) 
bit[41] data:
0000h: 31 31 32 32 33 33 34 34                         ; 11223344

2012/08/10 16:37:06 moniXpep(020600) 
bit[42] data:
0000h: 38 36 30 30 31 30 30 33 30 32 31 30 30 34 36    ; 860010030210046

2012/08/10 16:37:06 moniXpep(020600) 
bit[48] data:
0000h: 31 32 33 34 35 36                               ; 123456

2012/08/10 16:37:06 moniXpep(020600) 
bit[49] data:
0000h: 31 35 36                                        ; 156

2012/08/10 16:37:06 moniXpep(020600) 
bit[52] data:
0000h: 46 33 33 42 32 35 36 35 32 43 31 42 44 36 34 38 ; F33B25652C1BD648


2012/08/10 16:37:06 moniXpep(020600) 
bit[53] data:
0000h: 31 30 30 30 30 30 30 30 30 30 30 30 30 30 30 30 ; 1000000000000000


2012/08/10 16:37:06 moniXpep(020600) 
bit[60] data:
0000h: 30 30 30 30 30 30 30 30 30 39 30 30 30 30 30 30 ; 0000000009000000
0010h: 30 30 30 30 30 30 31 30 30 30 30 30 30 30       ; 00000010000000

2012/08/10 16:37:06 moniXpep(020600) 
bit map
0000h: 72 38 0C 80 30 C1 98 10                         ; r8..0...

2012/08/10 16:37:06 moniXpep(020600) 
attach to folder system ok !

2012/08/10 16:37:06 moniXpep(020600) 
folder myFid=8

2012/08/10 16:37:06 moniXpep(020600) 
Write finished!

2012/08/10 16:37:06 moniXpep(020600) 
AppServer terminated.

2012/08/10 17:18:36 moniXpep(020645) 
 模拟消费交易 start

2012/08/10 17:18:36 moniXpep(020645) 
datatime=0810171836

2012/08/10 17:18:36 moniXpep(020645) 
begin pakcet !

2012/08/10 17:18:36 moniXpep(020645) 
msgtype
0000h: 30 32 30 30                                     ; 0200

2012/08/10 17:18:36 moniXpep(020645) 
bit[2] data:
0000h: 36 30 31 33 38 32 35 30 30 35 30 30 30 31 36 33 ; 6013825005000163
0010h: 31 35 33                                        ; 153

2012/08/10 17:18:36 moniXpep(020645) 
bit[3] data:
0000h: 39 31 30 30 30 30                               ; 910000

2012/08/10 17:18:36 moniXpep(020645) 
bit[4] data:
0000h: 30 30 30 30 30 30 30 30 30 30 30 39             ; 000000000009

2012/08/10 17:18:36 moniXpep(020645) 
bit[7] data:
0000h: 30 38 31 30 31 37 31 38 33 36                   ; 0810171836

2012/08/10 17:18:36 moniXpep(020645) 
bit[11] data:
0000h: 31 37 31 38 33 36                               ; 171836

2012/08/10 17:18:36 moniXpep(020645) 
bit[12] data:
0000h: 31 37 31 38 33 36                               ; 171836

2012/08/10 17:18:36 moniXpep(020645) 
bit[13] data:
0000h: 30 38 31 30                                     ; 0810

2012/08/10 17:18:36 moniXpep(020645) 
bit[21] data:
0000h: 35 36 37 38 39 30 41 42 36 34 30 31 30 30 30 30 ; 567890AB64010000
0010h: 30 32 31 20 20 20 36 31 36 32 31 36 31 39 20 20 ; 021   61621619  
0020h: 20 20 32 30 32 32 30 30 30 30 31 35 30 30       ;   202200001500

2012/08/10 17:18:36 moniXpep(020645) 
bit[22] data:
0000h: 30 32 31                                        ; 021

2012/08/10 17:18:36 moniXpep(020645) 
bit[25] data:
0000h: 30 30                                           ; 00

2012/08/10 17:18:36 moniXpep(020645) 
bit[35] data:
0000h: 36 30 31 33 38 32 35 30 30 35 30 30 30 31 36 33 ; 6013825005000163
0010h: 31 35 33 3D 34 39 31 32 35 32 30 31 30 30 30 30 ; 153=491252010000
0020h: 37 30 37 30 30                                  ; 70700

2012/08/10 17:18:36 moniXpep(020645) 
bit[36] data:
0000h: 39 39 36 32 32 32 30 30 31 30 30 31 31 30 38 35 ; 9962220010011085
0010h: 36 30 38 33 31 3D 31 35 36 30 30 30 30 30 30 30 ; 60831=1560000000
0020h: 30 30 30 30 30 30 30 30 30 30 30 33 35 30 32 39 ; 0000000000035029
0030h: 39 39 32 31 36 30 30 30 30 30 37 30 31 30 30 30 ; 9921600000701000
0040h: 30 30 30 30 30 30 30 30 30 30 30 30 30 30 30 30 ; 0000000000000000
0050h: 30 30 3D 30 30 30 30                            ; 00=0000

2012/08/10 17:18:36 moniXpep(020645) 
bit[41] data:
0000h: 31 31 32 32 33 33 34 34                         ; 11223344

2012/08/10 17:18:36 moniXpep(020645) 
bit[42] data:
0000h: 38 36 30 30 31 30 30 33 30 32 31 30 30 34 36    ; 860010030210046

2012/08/10 17:18:36 moniXpep(020645) 
bit[48] data:
0000h: 31 32 33 34 35 36                               ; 123456

2012/08/10 17:18:36 moniXpep(020645) 
bit[49] data:
0000h: 31 35 36                                        ; 156

2012/08/10 17:18:36 moniXpep(020645) 
bit[52] data:
0000h: 46 33 33 42 32 35 36 35 32 43 31 42 44 36 34 38 ; F33B25652C1BD648


2012/08/10 17:18:36 moniXpep(020645) 
bit[53] data:
0000h: 31 30 30 30 30 30 30 30 30 30 30 30 30 30 30 30 ; 1000000000000000


2012/08/10 17:18:36 moniXpep(020645) 
bit[60] data:
0000h: 30 30 30 30 30 30 30 30 30 39 30 30 30 30 30 30 ; 0000000009000000
0010h: 30 30 30 30 30 30 31 30 30 30 30 30 30 30       ; 00000010000000

2012/08/10 17:18:36 moniXpep(020645) 
bit map
0000h: 72 38 0C 80 30 C1 98 10                         ; r8..0...

2012/08/10 17:18:36 moniXpep(020645) 
attach to folder system ok !

2012/08/10 17:18:36 moniXpep(020645) 
folder myFid=8

2012/08/10 17:18:36 moniXpep(020645) 
Write finished!

2012/08/10 17:18:36 moniXpep(020645) 
AppServer terminated.

2012/08/10 17:20:07 moniXpep(020650) 
 模拟消费交易 start

2012/08/10 17:20:07 moniXpep(020650) 
datatime=0810172007

2012/08/10 17:20:07 moniXpep(020650) 
begin pakcet !

2012/08/10 17:20:07 moniXpep(020650) 
msgtype
0000h: 30 32 30 30                                     ; 0200

2012/08/10 17:20:07 moniXpep(020650) 
bit[2] data:
0000h: 36 30 31 33 38 32 35 30 30 35 30 30 30 31 36 33 ; 6013825005000163
0010h: 31 35 33                                        ; 153

2012/08/10 17:20:07 moniXpep(020650) 
bit[3] data:
0000h: 39 31 30 30 30 30                               ; 910000

2012/08/10 17:20:07 moniXpep(020650) 
bit[4] data:
0000h: 30 30 30 30 30 30 30 30 30 30 30 39             ; 000000000009

2012/08/10 17:20:07 moniXpep(020650) 
bit[7] data:
0000h: 30 38 31 30 31 37 32 30 30 37                   ; 0810172007

2012/08/10 17:20:07 moniXpep(020650) 
bit[11] data:
0000h: 31 37 32 30 30 37                               ; 172007

2012/08/10 17:20:07 moniXpep(020650) 
bit[12] data:
0000h: 31 37 32 30 30 37                               ; 172007

2012/08/10 17:20:07 moniXpep(020650) 
bit[13] data:
0000h: 30 38 31 30                                     ; 0810

2012/08/10 17:20:07 moniXpep(020650) 
bit[21] data:
0000h: 35 36 37 38 39 30 41 42 36 34 30 31 30 30 30 30 ; 567890AB64010000
0010h: 30 32 31 20 20 20 36 31 36 32 31 36 31 39 20 20 ; 021   61621619  
0020h: 20 20 32 30 32 32 30 30 30 30 31 35 30 30       ;   202200001500

2012/08/10 17:20:07 moniXpep(020650) 
bit[22] data:
0000h: 30 32 31                                        ; 021

2012/08/10 17:20:07 moniXpep(020650) 
bit[25] data:
0000h: 30 30                                           ; 00

2012/08/10 17:20:07 moniXpep(020650) 
bit[35] data:
0000h: 36 30 31 33 38 32 35 30 30 35 30 30 30 31 36 33 ; 6013825005000163
0010h: 31 35 33 3D 34 39 31 32 35 32 30 31 30 30 30 30 ; 153=491252010000
0020h: 37 30 37 30 30                                  ; 70700

2012/08/10 17:20:07 moniXpep(020650) 
bit[36] data:
0000h: 39 39 36 32 32 32 30 30 31 30 30 31 31 30 38 35 ; 9962220010011085
0010h: 36 30 38 33 31 3D 31 35 36 30 30 30 30 30 30 30 ; 60831=1560000000
0020h: 30 30 30 30 30 30 30 30 30 30 30 33 35 30 32 39 ; 0000000000035029
0030h: 39 39 32 31 36 30 30 30 30 30 37 30 31 30 30 30 ; 9921600000701000
0040h: 30 30 30 30 30 30 30 30 30 30 30 30 30 30 30 30 ; 0000000000000000
0050h: 30 30 3D 30 30 30 30                            ; 00=0000

2012/08/10 17:20:07 moniXpep(020650) 
bit[41] data:
0000h: 31 31 32 32 33 33 34 34                         ; 11223344

2012/08/10 17:20:07 moniXpep(020650) 
bit[42] data:
0000h: 38 36 30 30 31 30 30 33 30 32 31 30 30 34 36    ; 860010030210046

2012/08/10 17:20:07 moniXpep(020650) 
bit[48] data:
0000h: 31 32 33 34 35 36                               ; 123456

2012/08/10 17:20:07 moniXpep(020650) 
bit[49] data:
0000h: 31 35 36                                        ; 156

2012/08/10 17:20:07 moniXpep(020650) 
bit[52] data:
0000h: 46 33 33 42 32 35 36 35 32 43 31 42 44 36 34 38 ; F33B25652C1BD648


2012/08/10 17:20:07 moniXpep(020650) 
bit[53] data:
0000h: 31 30 30 30 30 30 30 30 30 30 30 30 30 30 30 30 ; 1000000000000000


2012/08/10 17:20:07 moniXpep(020650) 
bit[60] data:
0000h: 30 30 30 30 30 30 30 30 30 39 30 30 30 30 30 30 ; 0000000009000000
0010h: 30 30 30 30 30 30 31 30 30 30 30 30 30 30       ; 00000010000000

2012/08/10 17:20:07 moniXpep(020650) 
bit map
0000h: 72 38 0C 80 30 C1 98 10                         ; r8..0...

2012/08/10 17:20:07 moniXpep(020650) 
attach to folder system ok !

2012/08/10 17:20:07 moniXpep(020650) 
folder myFid=8

2012/08/10 17:20:07 moniXpep(020650) 
Write finished!

2012/08/10 17:20:07 moniXpep(020650) 
AppServer terminated.

2012/08/14 17:25:09 moniXpep(026857) 
 模拟消费交易 start

2012/08/14 17:25:09 moniXpep(026857) 
datatime=0814172509

2012/08/14 17:25:09 moniXpep(026857) 
begin pakcet !

2012/08/14 17:25:09 moniXpep(026857) 
msgtype
0000h: 30 32 30 30                                     ; 0200

2012/08/14 17:25:09 moniXpep(026857) 
bit[2] data:
0000h: 36 30 31 33 38 32 35 30 30 35 30 30 30 31 36 33 ; 6013825005000163
0010h: 31 35 33                                        ; 153

2012/08/14 17:25:09 moniXpep(026857) 
bit[3] data:
0000h: 39 31 30 30 30 30                               ; 910000

2012/08/14 17:25:09 moniXpep(026857) 
bit[4] data:
0000h: 30 30 30 30 30 30 30 30 30 30 30 39             ; 000000000009

2012/08/14 17:25:09 moniXpep(026857) 
bit[7] data:
0000h: 30 38 31 34 31 37 32 35 30 39                   ; 0814172509

2012/08/14 17:25:09 moniXpep(026857) 
bit[11] data:
0000h: 31 37 32 35 30 39                               ; 172509

2012/08/14 17:25:09 moniXpep(026857) 
bit[12] data:
0000h: 31 37 32 35 30 39                               ; 172509

2012/08/14 17:25:09 moniXpep(026857) 
bit[13] data:
0000h: 30 38 31 34                                     ; 0814

2012/08/14 17:25:09 moniXpep(026857) 
bit[21] data:
0000h: 35 36 37 38 39 30 41 42 36 34 30 31 30 30 30 30 ; 567890AB64010000
0010h: 30 32 31 20 20 20 36 31 36 32 31 36 31 39 20 20 ; 021   61621619  
0020h: 20 20 32 30 32 32 30 30 30 30 31 35 30 30       ;   202200001500

2012/08/14 17:25:09 moniXpep(026857) 
bit[22] data:
0000h: 30 32 31                                        ; 021

2012/08/14 17:25:09 moniXpep(026857) 
bit[25] data:
0000h: 30 30                                           ; 00

2012/08/14 17:25:09 moniXpep(026857) 
bit[35] data:
0000h: 36 30 31 33 38 32 35 30 30 35 30 30 30 31 36 33 ; 6013825005000163
0010h: 31 35 33 3D 34 39 31 32 35 32 30 31 30 30 30 30 ; 153=491252010000
0020h: 37 30 37 30 30                                  ; 70700

2012/08/14 17:25:09 moniXpep(026857) 
bit[36] data:
0000h: 39 39 36 32 32 32 30 30 31 30 30 31 31 30 38 35 ; 9962220010011085
0010h: 36 30 38 33 31 3D 31 35 36 30 30 30 30 30 30 30 ; 60831=1560000000
0020h: 30 30 30 30 30 30 30 30 30 30 30 33 35 30 32 39 ; 0000000000035029
0030h: 39 39 32 31 36 30 30 30 30 30 37 30 31 30 30 30 ; 9921600000701000
0040h: 30 30 30 30 30 30 30 30 30 30 30 30 30 30 30 30 ; 0000000000000000
0050h: 30 30 3D 30 30 30 30                            ; 00=0000

2012/08/14 17:25:09 moniXpep(026857) 
bit[41] data:
0000h: 31 31 32 32 33 33 34 34                         ; 11223344

2012/08/14 17:25:09 moniXpep(026857) 
bit[42] data:
0000h: 38 36 30 30 31 30 30 33 30 32 35 30 32 35 35    ; 860010030250255

2012/08/14 17:25:09 moniXpep(026857) 
bit[48] data:
0000h: 31 32 33 34 35 36                               ; 123456

2012/08/14 17:25:09 moniXpep(026857) 
bit[49] data:
0000h: 31 35 36                                        ; 156

2012/08/14 17:25:09 moniXpep(026857) 
bit[52] data:
0000h: 46 33 33 42 32 35 36 35 32 43 31 42 44 36 34 38 ; F33B25652C1BD648


2012/08/14 17:25:09 moniXpep(026857) 
bit[53] data:
0000h: 31 30 30 30 30 30 30 30 30 30 30 30 30 30 30 30 ; 1000000000000000


2012/08/14 17:25:09 moniXpep(026857) 
bit[60] data:
0000h: 30 30 30 30 30 30 30 30 30 39 30 30 30 30 30 30 ; 0000000009000000
0010h: 30 30 30 30 30 30 31 30 30 30 30 30 30 30       ; 00000010000000

2012/08/14 17:25:09 moniXpep(026857) 
bit map
0000h: 72 38 0C 80 30 C1 98 10                         ; r8..0...

2012/08/14 17:25:09 moniXpep(026857) 
attach to folder system ok !

2012/08/14 17:25:09 moniXpep(026857) 
folder myFid=8

2012/08/14 17:25:09 moniXpep(026857) 
Write finished!

2012/08/14 17:25:09 moniXpep(026857) 
AppServer terminated.

2012/08/14 17:26:18 moniXpep(026921) 
 模拟消费交易 start

2012/08/14 17:26:18 moniXpep(026921) 
datatime=0814172618

2012/08/14 17:26:18 moniXpep(026921) 
begin pakcet !

2012/08/14 17:26:18 moniXpep(026921) 
msgtype
0000h: 30 32 30 30                                     ; 0200

2012/08/14 17:26:18 moniXpep(026921) 
bit[2] data:
0000h: 36 30 31 33 38 32 35 30 30 35 30 30 30 31 36 33 ; 6013825005000163
0010h: 31 35 33                                        ; 153

2012/08/14 17:26:18 moniXpep(026921) 
bit[3] data:
0000h: 39 31 30 30 30 30                               ; 910000

2012/08/14 17:26:18 moniXpep(026921) 
bit[4] data:
0000h: 30 30 30 30 30 30 30 30 30 30 30 39             ; 000000000009

2012/08/14 17:26:18 moniXpep(026921) 
bit[7] data:
0000h: 30 38 31 34 31 37 32 36 31 38                   ; 0814172618

2012/08/14 17:26:18 moniXpep(026921) 
bit[11] data:
0000h: 31 37 32 36 31 38                               ; 172618

2012/08/14 17:26:18 moniXpep(026921) 
bit[12] data:
0000h: 31 37 32 36 31 38                               ; 172618

2012/08/14 17:26:18 moniXpep(026921) 
bit[13] data:
0000h: 30 38 31 34                                     ; 0814

2012/08/14 17:26:18 moniXpep(026921) 
bit[21] data:
0000h: 35 36 37 38 39 30 41 42 36 34 30 31 30 30 30 30 ; 567890AB64010000
0010h: 30 32 31 20 20 20 36 31 36 32 31 36 31 39 20 20 ; 021   61621619  
0020h: 20 20 32 30 32 32 30 30 30 30 31 35 30 30       ;   202200001500

2012/08/14 17:26:18 moniXpep(026921) 
bit[22] data:
0000h: 30 32 31                                        ; 021

2012/08/14 17:26:18 moniXpep(026921) 
bit[25] data:
0000h: 30 30                                           ; 00

2012/08/14 17:26:18 moniXpep(026921) 
bit[35] data:
0000h: 36 30 31 33 38 32 35 30 30 35 30 30 30 31 36 33 ; 6013825005000163
0010h: 31 35 33 3D 34 39 31 32 35 32 30 31 30 30 30 30 ; 153=491252010000
0020h: 37 30 37 30 30                                  ; 70700

2012/08/14 17:26:18 moniXpep(026921) 
bit[36] data:
0000h: 39 39 36 32 32 32 30 30 31 30 30 31 31 30 38 35 ; 9962220010011085
0010h: 36 30 38 33 31 3D 31 35 36 30 30 30 30 30 30 30 ; 60831=1560000000
0020h: 30 30 30 30 30 30 30 30 30 30 30 33 35 30 32 39 ; 0000000000035029
0030h: 39 39 32 31 36 30 30 30 30 30 37 30 31 30 30 30 ; 9921600000701000
0040h: 30 30 30 30 30 30 30 30 30 30 30 30 30 30 30 30 ; 0000000000000000
0050h: 30 30 3D 30 30 30 30                            ; 00=0000

2012/08/14 17:26:18 moniXpep(026921) 
bit[41] data:
0000h: 31 31 32 32 33 33 34 34                         ; 11223344

2012/08/14 17:26:18 moniXpep(026921) 
bit[42] data:
0000h: 38 36 30 30 31 30 30 33 30 32 35 30 32 36 36    ; 860010030250266

2012/08/14 17:26:18 moniXpep(026921) 
bit[48] data:
0000h: 31 32 33 34 35 36                               ; 123456

2012/08/14 17:26:18 moniXpep(026921) 
bit[49] data:
0000h: 31 35 36                                        ; 156

2012/08/14 17:26:18 moniXpep(026921) 
bit[52] data:
0000h: 46 33 33 42 32 35 36 35 32 43 31 42 44 36 34 38 ; F33B25652C1BD648


2012/08/14 17:26:18 moniXpep(026921) 
bit[53] data:
0000h: 31 30 30 30 30 30 30 30 30 30 30 30 30 30 30 30 ; 1000000000000000


2012/08/14 17:26:18 moniXpep(026921) 
bit[60] data:
0000h: 30 30 30 30 30 30 30 30 30 39 30 30 30 30 30 30 ; 0000000009000000
0010h: 30 30 30 30 30 30 31 30 30 30 30 30 30 30       ; 00000010000000

2012/08/14 17:26:18 moniXpep(026921) 
bit map
0000h: 72 38 0C 80 30 C1 98 10                         ; r8..0...

2012/08/14 17:26:18 moniXpep(026921) 
attach to folder system ok !

2012/08/14 17:26:18 moniXpep(026921) 
folder myFid=8

2012/08/14 17:26:18 moniXpep(026921) 
Write finished!

2012/08/14 17:26:18 moniXpep(026921) 
AppServer terminated.

2012/08/27 16:03:37 moniXpep(019022) 
 模拟消费交易 start

2012/08/27 16:03:37 moniXpep(019022) 
datatime=0827160337

2012/08/27 16:03:37 moniXpep(019022) 
begin pakcet !

2012/08/27 16:03:37 moniXpep(019022) 
msgtype
0000h: 30 32 30 30                                     ; 0200

2012/08/27 16:03:37 moniXpep(019022) 
bit[2] data:
0000h: 36 30 31 33 38 32 35 30 30 35 30 30 30 31 36 33 ; 6013825005000163
0010h: 31 35 33                                        ; 153

2012/08/27 16:03:37 moniXpep(019022) 
bit[3] data:
0000h: 39 31 30 30 30 30                               ; 910000

2012/08/27 16:03:37 moniXpep(019022) 
bit[4] data:
0000h: 30 30 30 30 30 30 30 30 30 30 30 39             ; 000000000009

2012/08/27 16:03:37 moniXpep(019022) 
bit[7] data:
0000h: 30 38 32 37 31 36 30 33 33 37                   ; 0827160337

2012/08/27 16:03:37 moniXpep(019022) 
bit[11] data:
0000h: 31 36 30 33 33 37                               ; 160337

2012/08/27 16:03:37 moniXpep(019022) 
bit[12] data:
0000h: 31 36 30 33 33 37                               ; 160337

2012/08/27 16:03:37 moniXpep(019022) 
bit[13] data:
0000h: 30 38 32 37                                     ; 0827

2012/08/27 16:03:37 moniXpep(019022) 
bit[21] data:
0000h: 35 36 37 38 39 30 41 42 36 34 30 31 30 30 30 30 ; 567890AB64010000
0010h: 30 32 31 20 20 20 36 31 36 32 31 36 31 39 20 20 ; 021   61621619  
0020h: 20 20 32 30 32 32 30 30 30 30 31 35 30 30       ;   202200001500

2012/08/27 16:03:37 moniXpep(019022) 
bit[22] data:
0000h: 30 32 31                                        ; 021

2012/08/27 16:03:37 moniXpep(019022) 
bit[25] data:
0000h: 30 30                                           ; 00

2012/08/27 16:03:37 moniXpep(019022) 
bit[35] data:
0000h: 36 30 31 33 38 32 35 30 30 35 30 30 30 31 36 33 ; 6013825005000163
0010h: 31 35 33 3D 34 39 31 32 35 32 30 31 30 30 30 30 ; 153=491252010000
0020h: 37 30 37 30 30                                  ; 70700

2012/08/27 16:03:37 moniXpep(019022) 
bit[36] data:
0000h: 39 39 36 32 32 32 30 30 31 30 30 31 31 30 38 35 ; 9962220010011085
0010h: 36 30 38 33 31 3D 31 35 36 30 30 30 30 30 30 30 ; 60831=1560000000
0020h: 30 30 30 30 30 30 30 30 30 30 30 33 35 30 32 39 ; 0000000000035029
0030h: 39 39 32 31 36 30 30 30 30 30 37 30 31 30 30 30 ; 9921600000701000
0040h: 30 30 30 30 30 30 30 30 30 30 30 30 30 30 30 30 ; 0000000000000000
0050h: 30 30 3D 30 30 30 30                            ; 00=0000

2012/08/27 16:03:37 moniXpep(019022) 
bit[41] data:
0000h: 31 31 32 32 33 33 34 34                         ; 11223344

2012/08/27 16:03:37 moniXpep(019022) 
bit[42] data:
0000h: 38 36 30 30 31 30 30 33 30 32 35 30 32 36 36    ; 860010030250266

2012/08/27 16:03:37 moniXpep(019022) 
bit[48] data:
0000h: 31 32 33 34 35 36                               ; 123456

2012/08/27 16:03:37 moniXpep(019022) 
bit[49] data:
0000h: 31 35 36                                        ; 156

2012/08/27 16:03:37 moniXpep(019022) 
bit[52] data:
0000h: 46 33 33 42 32 35 36 35 32 43 31 42 44 36 34 38 ; F33B25652C1BD648


2012/08/27 16:03:37 moniXpep(019022) 
bit[53] data:
0000h: 31 30 30 30 30 30 30 30 30 30 30 30 30 30 30 30 ; 1000000000000000


2012/08/27 16:03:37 moniXpep(019022) 
bit[60] data:
0000h: 30 30 30 30 30 30 30 30 30 39 30 30 30 30 30 30 ; 0000000009000000
0010h: 30 30 30 30 30 30 31 30 30 30 30 30 30 30       ; 00000010000000

2012/08/27 16:03:37 moniXpep(019022) 
bit map
0000h: 72 38 0C 80 30 C1 98 10                         ; r8..0...

2012/08/27 16:03:37 moniXpep(019022) 
attach to folder system ok !

2012/08/27 16:03:37 moniXpep(019022) 
folder myFid=8

2012/08/27 16:03:37 moniXpep(019022) 
Write finished!

2012/08/27 16:03:37 moniXpep(019022) 
AppServer terminated.

2012/08/27 16:54:22 moniXpep(019075) 
 模拟消费交易 start

2012/08/27 16:54:22 moniXpep(019075) 
datatime=0827165422

2012/08/27 16:54:22 moniXpep(019075) 
begin pakcet !

2012/08/27 16:54:22 moniXpep(019075) 
msgtype
0000h: 30 32 30 30                                     ; 0200

2012/08/27 16:54:22 moniXpep(019075) 
bit[2] data:
0000h: 36 30 31 33 38 32 35 30 30 35 30 30 30 31 36 33 ; 6013825005000163
0010h: 31 35 33                                        ; 153

2012/08/27 16:54:22 moniXpep(019075) 
bit[3] data:
0000h: 39 31 30 30 30 30                               ; 910000

2012/08/27 16:54:22 moniXpep(019075) 
bit[4] data:
0000h: 30 30 30 30 30 30 30 30 30 30 30 39             ; 000000000009

2012/08/27 16:54:22 moniXpep(019075) 
bit[7] data:
0000h: 30 38 32 37 31 36 35 34 32 32                   ; 0827165422

2012/08/27 16:54:22 moniXpep(019075) 
bit[11] data:
0000h: 31 36 35 34 32 32                               ; 165422

2012/08/27 16:54:22 moniXpep(019075) 
bit[12] data:
0000h: 31 36 35 34 32 32                               ; 165422

2012/08/27 16:54:22 moniXpep(019075) 
bit[13] data:
0000h: 30 38 32 37                                     ; 0827

2012/08/27 16:54:22 moniXpep(019075) 
bit[21] data:
0000h: 35 36 37 38 39 30 41 42 36 34 30 31 30 30 30 30 ; 567890AB64010000
0010h: 30 32 31 20 20 20 36 31 36 32 31 36 31 39 20 20 ; 021   61621619  
0020h: 20 20 32 30 32 32 30 30 30 30 31 35 30 30       ;   202200001500

2012/08/27 16:54:22 moniXpep(019075) 
bit[22] data:
0000h: 30 32 31                                        ; 021

2012/08/27 16:54:22 moniXpep(019075) 
bit[25] data:
0000h: 30 30                                           ; 00

2012/08/27 16:54:22 moniXpep(019075) 
bit[35] data:
0000h: 36 30 31 33 38 32 35 30 30 35 30 30 30 31 36 33 ; 6013825005000163
0010h: 31 35 33 3D 34 39 31 32 35 32 30 31 30 30 30 30 ; 153=491252010000
0020h: 37 30 37 30 30                                  ; 70700

2012/08/27 16:54:22 moniXpep(019075) 
bit[36] data:
0000h: 39 39 36 32 32 32 30 30 31 30 30 31 31 30 38 35 ; 9962220010011085
0010h: 36 30 38 33 31 3D 31 35 36 30 30 30 30 30 30 30 ; 60831=1560000000
0020h: 30 30 30 30 30 30 30 30 30 30 30 33 35 30 32 39 ; 0000000000035029
0030h: 39 39 32 31 36 30 30 30 30 30 37 30 31 30 30 30 ; 9921600000701000
0040h: 30 30 30 30 30 30 30 30 30 30 30 30 30 30 30 30 ; 0000000000000000
0050h: 30 30 3D 30 30 30 30                            ; 00=0000

2012/08/27 16:54:22 moniXpep(019075) 
bit[41] data:
0000h: 31 31 32 32 33 33 34 34                         ; 11223344

2012/08/27 16:54:22 moniXpep(019075) 
bit[42] data:
0000h: 38 36 30 30 31 30 30 33 30 32 35 30 32 36 36    ; 860010030250266

2012/08/27 16:54:22 moniXpep(019075) 
bit[48] data:
0000h: 31 32 33 34 35 36                               ; 123456

2012/08/27 16:54:22 moniXpep(019075) 
bit[49] data:
0000h: 31 35 36                                        ; 156

2012/08/27 16:54:22 moniXpep(019075) 
bit[52] data:
0000h: 46 33 33 42 32 35 36 35 32 43 31 42 44 36 34 38 ; F33B25652C1BD648


2012/08/27 16:54:22 moniXpep(019075) 
bit[53] data:
0000h: 31 30 30 30 30 30 30 30 30 30 30 30 30 30 30 30 ; 1000000000000000


2012/08/27 16:54:22 moniXpep(019075) 
bit[60] data:
0000h: 30 30 30 30 30 30 30 30 30 39 30 30 30 30 30 30 ; 0000000009000000
0010h: 30 30 30 30 30 30 31 30 30 30 30 30 30 30       ; 00000010000000

2012/08/27 16:54:22 moniXpep(019075) 
bit map
0000h: 72 38 0C 80 30 C1 98 10                         ; r8..0...

2012/08/27 16:54:22 moniXpep(019075) 
attach to folder system ok !

2012/08/27 16:54:22 moniXpep(019075) 
folder myFid=8

2012/08/27 16:54:22 moniXpep(019075) 
Write finished!

2012/08/27 16:54:22 moniXpep(019075) 
AppServer terminated.

2012/11/16 10:11:01 moniXpep(009891) 
 模拟消费交易 start

2012/11/16 10:11:01 moniXpep(009891) 
datatime=1116101101

2012/11/16 10:11:01 moniXpep(009891) 
begin pakcet !

2012/11/16 10:11:01 moniXpep(009891) 
msgtype
0000h: 30 32 30 30                                     ; 0200

2012/11/16 10:11:01 moniXpep(009891) 
bit[2] data:
0000h: 36 30 31 33 38 32 35 30 30 35 30 30 30 31 36 33 ; 6013825005000163
0010h: 31 35 33                                        ; 153

2012/11/16 10:11:01 moniXpep(009891) 
bit[3] data:
0000h: 39 31 30 30 30 30                               ; 910000

2012/11/16 10:11:01 moniXpep(009891) 
bit[4] data:
0000h: 30 30 30 30 30 30 30 30 30 30 30 39             ; 000000000009

2012/11/16 10:11:01 moniXpep(009891) 
bit[7] data:
0000h: 31 31 31 36 31 30 31 31 30 31                   ; 1116101101

2012/11/16 10:11:01 moniXpep(009891) 
bit[11] data:
0000h: 31 30 31 31 30 31                               ; 101101

2012/11/16 10:11:01 moniXpep(009891) 
bit[12] data:
0000h: 31 30 31 31 30 31                               ; 101101

2012/11/16 10:11:01 moniXpep(009891) 
bit[13] data:
0000h: 31 31 31 36                                     ; 1116

2012/11/16 10:11:01 moniXpep(009891) 
bit[21] data:
0000h: 35 36 37 38 39 30 41 42 36 34 30 31 30 30 30 30 ; 567890AB64010000
0010h: 30 32 31 20 20 20 36 31 36 32 31 36 31 39 20 20 ; 021   61621619  
0020h: 20 20 32 30 32 32 30 30 30 30 31 35 30 30       ;   202200001500

2012/11/16 10:11:01 moniXpep(009891) 
bit[22] data:
0000h: 30 32 31                                        ; 021

2012/11/16 10:11:01 moniXpep(009891) 
bit[25] data:
0000h: 30 30                                           ; 00

2012/11/16 10:11:01 moniXpep(009891) 
bit[35] data:
0000h: 36 30 31 33 38 32 35 30 30 35 30 30 30 31 36 33 ; 6013825005000163
0010h: 31 35 33 3D 34 39 31 32 35 32 30 31 30 30 30 30 ; 153=491252010000
0020h: 37 30 37 30 30                                  ; 70700

2012/11/16 10:11:01 moniXpep(009891) 
bit[36] data:
0000h: 39 39 36 32 32 32 30 30 31 30 30 31 31 30 38 35 ; 9962220010011085
0010h: 36 30 38 33 31 3D 31 35 36 30 30 30 30 30 30 30 ; 60831=1560000000
0020h: 30 30 30 30 30 30 30 30 30 30 30 33 35 30 32 39 ; 0000000000035029
0030h: 39 39 32 31 36 30 30 30 30 30 37 30 31 30 30 30 ; 9921600000701000
0040h: 30 30 30 30 30 30 30 30 30 30 30 30 30 30 30 30 ; 0000000000000000
0050h: 30 30 3D 30 30 30 30                            ; 00=0000

2012/11/16 10:11:01 moniXpep(009891) 
bit[41] data:
0000h: 31 31 32 32 33 33 34 34                         ; 11223344

2012/11/16 10:11:01 moniXpep(009891) 
bit[42] data:
0000h: 38 36 30 30 31 30 30 33 30 32 31 30 30 30 31    ; 860010030210001

2012/11/16 10:11:01 moniXpep(009891) 
bit[48] data:
0000h: 31 32 33 34 35 36                               ; 123456

2012/11/16 10:11:01 moniXpep(009891) 
bit[49] data:
0000h: 31 35 36                                        ; 156

2012/11/16 10:11:01 moniXpep(009891) 
bit[52] data:
0000h: 46 33 33 42 32 35 36 35                         ; F33B2565

2012/11/16 10:11:01 moniXpep(009891) 
bit[53] data:
0000h: 31 30 30 30 30 30 30 30 30 30 30 30 30 30 30 30 ; 1000000000000000


2012/11/16 10:11:01 moniXpep(009891) 
bit[60] data:
0000h: 30 30 30 30 30 30 30 30 30 39 30 30 30 30 30 30 ; 0000000009000000
0010h: 30 30 30 30                                     ; 0000

2012/11/16 10:11:01 moniXpep(009891) 
bit map
0000h: 72 38 0C 80 30 C1 98 10                         ; r8..0...

2012/11/16 10:11:01 moniXpep(009891) 
attach to folder system ok !

2012/11/16 10:11:01 moniXpep(009891) 
folder myFid=12

2012/11/16 10:11:01 moniXpep(009891) 
Write finished!

2012/11/16 10:11:01 moniXpep(009891) 
AppServer terminated.

2012/12/25 10:01:07 moniXpep(001396) 
 模拟消费交易 start

2012/12/25 10:01:07 moniXpep(001396) 
datatime=1225100107

2012/12/25 10:01:07 moniXpep(001396) 
begin pakcet !

2012/12/25 10:01:07 moniXpep(001396) 
msgtype
0000h: 30 32 30 30                                     ; 0200

2012/12/25 10:01:07 moniXpep(001396) 
bit[2] data:
0000h: 36 30 31 33 38 32 35 30 30 35 30 30 30 31 36 33 ; 6013825005000163
0010h: 31 35 33                                        ; 153

2012/12/25 10:01:07 moniXpep(001396) 
bit[3] data:
0000h: 39 31 30 30 30 30                               ; 910000

2012/12/25 10:01:07 moniXpep(001396) 
bit[4] data:
0000h: 30 30 30 30 30 30 30 30 30 30 30 39             ; 000000000009

2012/12/25 10:01:07 moniXpep(001396) 
bit[7] data:
0000h: 31 32 32 35 31 30 30 31 30 37                   ; 1225100107

2012/12/25 10:01:07 moniXpep(001396) 
bit[11] data:
0000h: 31 30 30 31 30 37                               ; 100107

2012/12/25 10:01:07 moniXpep(001396) 
bit[12] data:
0000h: 31 30 30 31 30 37                               ; 100107

2012/12/25 10:01:07 moniXpep(001396) 
bit[13] data:
0000h: 31 32 32 35                                     ; 1225

2012/12/25 10:01:07 moniXpep(001396) 
bit[21] data:
0000h: 35 36 37 38 39 30 41 42 36 34 30 31 30 30 30 30 ; 567890AB64010000
0010h: 30 32 31 20 20 20 36 31 36 32 31 36 31 39 20 20 ; 021   61621619  
0020h: 20 20 32 30 32 32 30 30 30 30 31 35 30 30       ;   202200001500

2012/12/25 10:01:07 moniXpep(001396) 
bit[22] data:
0000h: 30 32 31                                        ; 021

2012/12/25 10:01:07 moniXpep(001396) 
bit[25] data:
0000h: 30 30                                           ; 00

2012/12/25 10:01:07 moniXpep(001396) 
bit[35] data:
0000h: 36 30 31 33 38 32 35 30 30 35 30 30 30 31 36 33 ; 6013825005000163
0010h: 31 35 33 3D 34 39 31 32 35 32 30 31 30 30 30 30 ; 153=491252010000
0020h: 37 30 37 30 30                                  ; 70700

2012/12/25 10:01:07 moniXpep(001396) 
bit[36] data:
0000h: 39 39 36 32 32 32 30 30 31 30 30 31 31 30 38 35 ; 9962220010011085
0010h: 36 30 38 33 31 3D 31 35 36 30 30 30 30 30 30 30 ; 60831=1560000000
0020h: 30 30 30 30 30 30 30 30 30 30 30 33 35 30 32 39 ; 0000000000035029
0030h: 39 39 32 31 36 30 30 30 30 30 37 30 31 30 30 30 ; 9921600000701000
0040h: 30 30 30 30 30 30 30 30 30 30 30 30 30 30 30 30 ; 0000000000000000
0050h: 30 30 3D 30 30 30 30                            ; 00=0000

2012/12/25 10:01:07 moniXpep(001396) 
bit[41] data:
0000h: 31 31 32 32 33 33 34 34                         ; 11223344

2012/12/25 10:01:07 moniXpep(001396) 
bit[42] data:
0000h: 38 36 30 30 31 30 30 33 30 32 31 30 30 30 31    ; 860010030210001

2012/12/25 10:01:07 moniXpep(001396) 
bit[48] data:
0000h: 31 32 33 34 35 36                               ; 123456

2012/12/25 10:01:07 moniXpep(001396) 
bit[49] data:
0000h: 31 35 36                                        ; 156

2012/12/25 10:01:07 moniXpep(001396) 
bit[52] data:
0000h: 46 33 33 42 32 35 36 35                         ; F33B2565

2012/12/25 10:01:07 moniXpep(001396) 
bit[53] data:
0000h: 31 30 30 30 30 30 30 30 30 30 30 30 30 30 30 30 ; 1000000000000000


2012/12/25 10:01:07 moniXpep(001396) 
bit[60] data:
0000h: 30 30 30 30 30 30 30 30 30 39 30 30 30 30 30 30 ; 0000000009000000
0010h: 30 30 30 30                                     ; 0000

2012/12/25 10:01:07 moniXpep(001396) 
bit map
0000h: 72 38 0C 80 30 C1 98 10                         ; r8..0...

2012/12/25 10:01:07 moniXpep(001396) 
attach to folder system ok !

2012/12/25 10:01:07 moniXpep(001396) 
folder myFid=14

2012/12/25 10:01:07 moniXpep(001396) 
Write finished!

2012/12/25 10:01:07 moniXpep(001396) 
AppServer terminated.

2012/12/25 10:17:12 moniXpep(001409) 
 模拟消费交易 start

2012/12/25 10:17:12 moniXpep(001409) 
datatime=1225101712

2012/12/25 10:17:12 moniXpep(001409) 
begin pakcet !

2012/12/25 10:17:12 moniXpep(001409) 
msgtype
0000h: 30 32 30 30                                     ; 0200

2012/12/25 10:17:12 moniXpep(001409) 
bit[2] data:
0000h: 36 30 31 33 38 32 35 30 30 35 30 30 30 31 36 33 ; 6013825005000163
0010h: 31 35 33                                        ; 153

2012/12/25 10:17:12 moniXpep(001409) 
bit[3] data:
0000h: 39 31 30 30 30 30                               ; 910000

2012/12/25 10:17:12 moniXpep(001409) 
bit[4] data:
0000h: 30 30 30 30 30 30 30 30 30 30 30 39             ; 000000000009

2012/12/25 10:17:12 moniXpep(001409) 
bit[7] data:
0000h: 31 32 32 35 31 30 31 37 31 32                   ; 1225101712

2012/12/25 10:17:12 moniXpep(001409) 
bit[11] data:
0000h: 31 30 31 37 31 32                               ; 101712

2012/12/25 10:17:12 moniXpep(001409) 
bit[12] data:
0000h: 31 30 31 37 31 32                               ; 101712

2012/12/25 10:17:12 moniXpep(001409) 
bit[13] data:
0000h: 31 32 32 35                                     ; 1225

2012/12/25 10:17:12 moniXpep(001409) 
bit[21] data:
0000h: 35 36 37 38 39 30 41 42 36 34 30 31 30 30 30 30 ; 567890AB64010000
0010h: 30 32 31 20 20 20 36 31 36 32 31 36 31 39 20 20 ; 021   61621619  
0020h: 20 20 32 30 32 32 30 30 30 30 31 35 30 30       ;   202200001500

2012/12/25 10:17:12 moniXpep(001409) 
bit[22] data:
0000h: 30 32 31                                        ; 021

2012/12/25 10:17:12 moniXpep(001409) 
bit[25] data:
0000h: 30 30                                           ; 00

2012/12/25 10:17:12 moniXpep(001409) 
bit[35] data:
0000h: 36 30 31 33 38 32 35 30 30 35 30 30 30 31 36 33 ; 6013825005000163
0010h: 31 35 33 3D 34 39 31 32 35 32 30 31 30 30 30 30 ; 153=491252010000
0020h: 37 30 37 30 30                                  ; 70700

2012/12/25 10:17:12 moniXpep(001409) 
bit[36] data:
0000h: 39 39 36 32 32 32 30 30 31 30 30 31 31 30 38 35 ; 9962220010011085
0010h: 36 30 38 33 31 3D 31 35 36 30 30 30 30 30 30 30 ; 60831=1560000000
0020h: 30 30 30 30 30 30 30 30 30 30 30 33 35 30 32 39 ; 0000000000035029
0030h: 39 39 32 31 36 30 30 30 30 30 37 30 31 30 30 30 ; 9921600000701000
0040h: 30 30 30 30 30 30 30 30 30 30 30 30 30 30 30 30 ; 0000000000000000
0050h: 30 30 3D 30 30 30 30                            ; 00=0000

2012/12/25 10:17:12 moniXpep(001409) 
bit[41] data:
0000h: 31 31 32 32 33 33 34 34                         ; 11223344

2012/12/25 10:17:12 moniXpep(001409) 
bit[42] data:
0000h: 38 36 30 30 31 30 30 33 30 32 31 30 30 30 31    ; 860010030210001

2012/12/25 10:17:12 moniXpep(001409) 
bit[48] data:
0000h: 31 32 33 34 35 36                               ; 123456

2012/12/25 10:17:12 moniXpep(001409) 
bit[49] data:
0000h: 31 35 36                                        ; 156

2012/12/25 10:17:12 moniXpep(001409) 
bit[52] data:
0000h: 46 33 33 42 32 35 36 35                         ; F33B2565

2012/12/25 10:17:12 moniXpep(001409) 
bit[53] data:
0000h: 31 30 30 30 30 30 30 30 30 30 30 30 30 30 30 30 ; 1000000000000000


2012/12/25 10:17:12 moniXpep(001409) 
bit[60] data:
0000h: 30 30 30 30 30 30 30 30 30 39 30 30 30 30 30 30 ; 0000000009000000
0010h: 30 30 30 30                                     ; 0000

2012/12/25 10:17:12 moniXpep(001409) 
bit map
0000h: 72 38 0C 80 30 C1 98 10                         ; r8..0...

2012/12/25 10:17:12 moniXpep(001409) 
attach to folder system ok !

2012/12/25 10:17:12 moniXpep(001409) 
folder myFid=14

2012/12/25 10:17:12 moniXpep(001409) 
Write finished!

2012/12/25 10:17:12 moniXpep(001409) 
AppServer terminated.

2012/12/26 14:00:25 moniXpep(006128) 
 模拟消费交易 start

2012/12/26 14:00:25 moniXpep(006128) 
datatime=1226140025

2012/12/26 14:00:25 moniXpep(006128) 
begin pakcet !

2012/12/26 14:00:25 moniXpep(006128) 
msgtype
0000h: 30 32 30 30                                     ; 0200

2012/12/26 14:00:25 moniXpep(006128) 
bit[2] data:
0000h: 36 30 31 33 38 32 35 30 30 35 30 30 30 31 36 33 ; 6013825005000163
0010h: 31 35 33                                        ; 153

2012/12/26 14:00:25 moniXpep(006128) 
bit[3] data:
0000h: 39 31 30 30 30 30                               ; 910000

2012/12/26 14:00:25 moniXpep(006128) 
bit[4] data:
0000h: 30 30 30 30 30 30 30 30 30 30 30 39             ; 000000000009

2012/12/26 14:00:25 moniXpep(006128) 
bit[7] data:
0000h: 31 32 32 36 31 34 30 30 32 35                   ; 1226140025

2012/12/26 14:00:25 moniXpep(006128) 
bit[11] data:
0000h: 31 34 30 30 32 35                               ; 140025

2012/12/26 14:00:25 moniXpep(006128) 
bit[12] data:
0000h: 31 34 30 30 32 35                               ; 140025

2012/12/26 14:00:25 moniXpep(006128) 
bit[13] data:
0000h: 31 32 32 36                                     ; 1226

2012/12/26 14:00:25 moniXpep(006128) 
bit[21] data:
0000h: 38 36 30 30 31 30 30 33 30 32 31 30 30 34 36 31 ; 8600100302100461
0010h: 31 32 32 33 33 34 34 33 30 33 30 30 30 30 30 30 ; 1223344303000000
0020h: 31 31 35 30 30 30 30 31 31 30 30 30 30 30 30 30 ; 1150000110000000
0030h: 30 30 31                                        ; 001

2012/12/26 14:00:25 moniXpep(006128) 
bit[22] data:
0000h: 30 32 31                                        ; 021

2012/12/26 14:00:25 moniXpep(006128) 
bit[25] data:
0000h: 30 30                                           ; 00

2012/12/26 14:00:25 moniXpep(006128) 
bit[35] data:
0000h: 36 30 31 33 38 32 35 30 30 35 30 30 30 31 36 33 ; 6013825005000163
0010h: 31 35 33 3D 34 39 31 32 35 32 30 31 30 30 30 30 ; 153=491252010000
0020h: 37 30 37 30 30                                  ; 70700

2012/12/26 14:00:25 moniXpep(006128) 
bit[36] data:
0000h: 39 39 36 32 32 32 30 30 31 30 30 31 31 30 38 35 ; 9962220010011085
0010h: 36 30 38 33 31 3D 31 35 36 30 30 30 30 30 30 30 ; 60831=1560000000
0020h: 30 30 30 30 30 30 30 30 30 30 30 33 35 30 32 39 ; 0000000000035029
0030h: 39 39 32 31 36 30 30 30 30 30 37 30 31 30 30 30 ; 9921600000701000
0040h: 30 30 30 30 30 30 30 30 30 30 30 30 30 30 30 30 ; 0000000000000000
0050h: 30 30 3D 30 30 30 30                            ; 00=0000

2012/12/26 14:00:25 moniXpep(006128) 
bit[41] data:
0000h: 31 31 32 32 33 33 34 34                         ; 11223344

2012/12/26 14:00:25 moniXpep(006128) 
bit[42] data:
0000h: 38 36 30 30 31 30 30 33 30 32 31 30 30 30 31    ; 860010030210001

2012/12/26 14:00:25 moniXpep(006128) 
bit[48] data:
0000h: 31 32 33 34 35 36                               ; 123456

2012/12/26 14:00:25 moniXpep(006128) 
bit[49] data:
0000h: 31 35 36                                        ; 156

2012/12/26 14:00:25 moniXpep(006128) 
bit[52] data:
0000h: 46 33 33 42 32 35 36 35                         ; F33B2565

2012/12/26 14:00:25 moniXpep(006128) 
bit[53] data:
0000h: 31 30 30 30 30 30 30 30 30 30 30 30 30 30 30 30 ; 1000000000000000


2012/12/26 14:00:25 moniXpep(006128) 
bit[60] data:
0000h: 30 30 30 30 30 30 30 30 30 39 30 30 30 30 30 30 ; 0000000009000000
0010h: 30 30 30 30                                     ; 0000

2012/12/26 14:00:25 moniXpep(006128) 
bit map
0000h: 72 38 0C 80 30 C1 98 10                         ; r8..0...

2012/12/26 14:00:25 moniXpep(006128) 
attach to folder system ok !

2012/12/26 14:00:25 moniXpep(006128) 
folder myFid=14

2012/12/26 14:00:25 moniXpep(006128) 
Write finished!

2012/12/26 14:00:25 moniXpep(006128) 
AppServer terminated.

2012/12/26 14:06:26 moniXpep(006209) 
 模拟消费交易 start

2012/12/26 14:06:26 moniXpep(006209) 
datatime=1226140626

2012/12/26 14:06:26 moniXpep(006209) 
begin pakcet !

2012/12/26 14:06:26 moniXpep(006209) 
msgtype
0000h: 30 32 30 30                                     ; 0200

2012/12/26 14:06:26 moniXpep(006209) 
bit[2] data:
0000h: 36 30 31 33 38 32 35 30 30 35 30 30 30 31 36 33 ; 6013825005000163
0010h: 31 35 33                                        ; 153

2012/12/26 14:06:26 moniXpep(006209) 
bit[3] data:
0000h: 39 31 30 30 30 30                               ; 910000

2012/12/26 14:06:26 moniXpep(006209) 
bit[4] data:
0000h: 30 30 30 30 30 30 30 30 30 30 30 39             ; 000000000009

2012/12/26 14:06:26 moniXpep(006209) 
bit[7] data:
0000h: 31 32 32 36 31 34 30 36 32 36                   ; 1226140626

2012/12/26 14:06:26 moniXpep(006209) 
bit[11] data:
0000h: 31 34 30 36 32 36                               ; 140626

2012/12/26 14:06:26 moniXpep(006209) 
bit[12] data:
0000h: 31 34 30 36 32 36                               ; 140626

2012/12/26 14:06:26 moniXpep(006209) 
bit[13] data:
0000h: 31 32 32 36                                     ; 1226

2012/12/26 14:06:26 moniXpep(006209) 
bit[21] data:
0000h: 38 36 30 30 31 30 30 33 30 32 31 30 30 34 36 31 ; 8600100302100461
0010h: 31 32 32 33 33 34 34 33 30 33 30 30 30 30 30 30 ; 1223344303000000
0020h: 31 31 35 30 30 30 30 31 31 30 30 30 30 30 30 30 ; 1150000110000000
0030h: 30 30 31                                        ; 001

2012/12/26 14:06:26 moniXpep(006209) 
bit[22] data:
0000h: 30 32 31                                        ; 021

2012/12/26 14:06:26 moniXpep(006209) 
bit[25] data:
0000h: 30 30                                           ; 00

2012/12/26 14:06:26 moniXpep(006209) 
bit[35] data:
0000h: 36 30 31 33 38 32 35 30 30 35 30 30 30 31 36 33 ; 6013825005000163
0010h: 31 35 33 3D 34 39 31 32 35 32 30 31 30 30 30 30 ; 153=491252010000
0020h: 37 30 37 30 30                                  ; 70700

2012/12/26 14:06:26 moniXpep(006209) 
bit[36] data:
0000h: 39 39 36 32 32 32 30 30 31 30 30 31 31 30 38 35 ; 9962220010011085
0010h: 36 30 38 33 31 3D 31 35 36 30 30 30 30 30 30 30 ; 60831=1560000000
0020h: 30 30 30 30 30 30 30 30 30 30 30 33 35 30 32 39 ; 0000000000035029
0030h: 39 39 32 31 36 30 30 30 30 30 37 30 31 30 30 30 ; 9921600000701000
0040h: 30 30 30 30 30 30 30 30 30 30 30 30 30 30 30 30 ; 0000000000000000
0050h: 30 30 3D 30 30 30 30                            ; 00=0000

2012/12/26 14:06:26 moniXpep(006209) 
bit[41] data:
0000h: 31 32 33 34 35 37 38 39                         ; 12345789

2012/12/26 14:06:26 moniXpep(006209) 
bit[42] data:
0000h: 39 39 39 32 39 30 30 34 30 31 31 30 30 35 33    ; 999290040110053

2012/12/26 14:06:26 moniXpep(006209) 
bit[48] data:
0000h: 31 32 33 34 35 36                               ; 123456

2012/12/26 14:06:26 moniXpep(006209) 
bit[49] data:
0000h: 31 35 36                                        ; 156

2012/12/26 14:06:26 moniXpep(006209) 
bit[52] data:
0000h: 46 33 33 42 32 35 36 35                         ; F33B2565

2012/12/26 14:06:26 moniXpep(006209) 
bit[53] data:
0000h: 31 30 30 30 30 30 30 30 30 30 30 30 30 30 30 30 ; 1000000000000000


2012/12/26 14:06:26 moniXpep(006209) 
bit[60] data:
0000h: 30 30 30 30 30 30 30 30 30 39 30 30 30 30 30 30 ; 0000000009000000
0010h: 30 30 30 30                                     ; 0000

2012/12/26 14:06:26 moniXpep(006209) 
bit map
0000h: 72 38 0C 80 30 C1 98 10                         ; r8..0...

2012/12/26 14:06:26 moniXpep(006209) 
attach to folder system ok !

2012/12/26 14:06:26 moniXpep(006209) 
folder myFid=14

2012/12/26 14:06:26 moniXpep(006209) 
Write finished!

2012/12/26 14:06:26 moniXpep(006209) 
AppServer terminated.

2012/12/26 14:08:55 moniXpep(006284) 
 模拟消费交易 start

2012/12/26 14:08:55 moniXpep(006284) 
datatime=1226140855

2012/12/26 14:08:55 moniXpep(006284) 
begin pakcet !

2012/12/26 14:08:55 moniXpep(006284) 
msgtype
0000h: 30 32 30 30                                     ; 0200

2012/12/26 14:08:55 moniXpep(006284) 
bit[2] data:
0000h: 36 30 31 33 38 32 35 30 30 35 30 30 30 31 36 33 ; 6013825005000163
0010h: 31 35 33                                        ; 153

2012/12/26 14:08:55 moniXpep(006284) 
bit[3] data:
0000h: 39 31 30 30 30 30                               ; 910000

2012/12/26 14:08:55 moniXpep(006284) 
bit[4] data:
0000h: 30 30 30 30 30 30 30 30 30 30 30 39             ; 000000000009

2012/12/26 14:08:55 moniXpep(006284) 
bit[7] data:
0000h: 31 32 32 36 31 34 30 38 35 35                   ; 1226140855

2012/12/26 14:08:55 moniXpep(006284) 
bit[11] data:
0000h: 31 34 30 38 35 35                               ; 140855

2012/12/26 14:08:55 moniXpep(006284) 
bit[12] data:
0000h: 31 34 30 38 35 35                               ; 140855

2012/12/26 14:08:55 moniXpep(006284) 
bit[13] data:
0000h: 31 32 32 36                                     ; 1226

2012/12/26 14:08:55 moniXpep(006284) 
bit[21] data:
0000h: 38 36 30 30 31 30 30 33 30 32 31 30 30 34 36 31 ; 8600100302100461
0010h: 31 32 32 33 33 34 34 33 30 33 30 30 30 30 30 30 ; 1223344303000000
0020h: 31 31 35 30 30 30 30 31 31 30 30 30 30 30 30 30 ; 1150000110000000
0030h: 30 30 31                                        ; 001

2012/12/26 14:08:55 moniXpep(006284) 
bit[22] data:
0000h: 30 32 31                                        ; 021

2012/12/26 14:08:55 moniXpep(006284) 
bit[25] data:
0000h: 30 30                                           ; 00

2012/12/26 14:08:55 moniXpep(006284) 
bit[35] data:
0000h: 36 30 31 33 38 32 35 30 30 35 30 30 30 31 36 33 ; 6013825005000163
0010h: 31 35 33 3D 34 39 31 32 35 32 30 31 30 30 30 30 ; 153=491252010000
0020h: 37 30 37 30 30                                  ; 70700

2012/12/26 14:08:55 moniXpep(006284) 
bit[36] data:
0000h: 39 39 36 32 32 32 30 30 31 30 30 31 31 30 38 35 ; 9962220010011085
0010h: 36 30 38 33 31 3D 31 35 36 30 30 30 30 30 30 30 ; 60831=1560000000
0020h: 30 30 30 30 30 30 30 30 30 30 30 33 35 30 32 39 ; 0000000000035029
0030h: 39 39 32 31 36 30 30 30 30 30 37 30 31 30 30 30 ; 9921600000701000
0040h: 30 30 30 30 30 30 30 30 30 30 30 30 30 30 30 30 ; 0000000000000000
0050h: 30 30 3D 30 30 30 30                            ; 00=0000

2012/12/26 14:08:55 moniXpep(006284) 
bit[41] data:
0000h: 31 32 33 34 35 37 38 39                         ; 12345789

2012/12/26 14:08:55 moniXpep(006284) 
bit[42] data:
0000h: 39 39 39 32 39 30 30 34 30 31 31 30 30 35 33    ; 999290040110053

2012/12/26 14:08:55 moniXpep(006284) 
bit[48] data:
0000h: 31 32 33 34 35 36                               ; 123456

2012/12/26 14:08:55 moniXpep(006284) 
bit[49] data:
0000h: 31 35 36                                        ; 156

2012/12/26 14:08:55 moniXpep(006284) 
bit[52] data:
0000h: 34 35 44 36 38 44 35 44                         ; 45D68D5D

2012/12/26 14:08:55 moniXpep(006284) 
bit[53] data:
0000h: 31 30 30 30 30 30 30 30 30 30 30 30 30 30 30 30 ; 1000000000000000


2012/12/26 14:08:55 moniXpep(006284) 
bit[60] data:
0000h: 30 30 30 30 30 30 30 30 30 39 30 30 30 30 30 30 ; 0000000009000000
0010h: 30 30 30 30                                     ; 0000

2012/12/26 14:08:55 moniXpep(006284) 
bit map
0000h: 72 38 0C 80 30 C1 98 10                         ; r8..0...

2012/12/26 14:08:55 moniXpep(006284) 
attach to folder system ok !

2012/12/26 14:08:55 moniXpep(006284) 
folder myFid=14

2012/12/26 14:08:55 moniXpep(006284) 
Write finished!

2012/12/26 14:08:55 moniXpep(006284) 
AppServer terminated.

2012/12/26 14:16:18 moniXpep(006431) 
 模拟消费交易 start

2012/12/26 14:16:18 moniXpep(006431) 
datatime=1226141618

2012/12/26 14:16:18 moniXpep(006431) 
begin pakcet !

2012/12/26 14:16:18 moniXpep(006431) 
msgtype
0000h: 30 32 30 30                                     ; 0200

2012/12/26 14:16:18 moniXpep(006431) 
bit[2] data:
0000h: 36 32 32 35 32 32 30 31 30 38 39 32 36 31 38 39 ; 6225220108926189


2012/12/26 14:16:18 moniXpep(006431) 
bit[3] data:
0000h: 39 31 30 30 30 30                               ; 910000

2012/12/26 14:16:18 moniXpep(006431) 
bit[4] data:
0000h: 30 30 30 30 30 30 30 30 30 30 30 39             ; 000000000009

2012/12/26 14:16:18 moniXpep(006431) 
bit[7] data:
0000h: 31 32 32 36 31 34 31 36 31 38                   ; 1226141618

2012/12/26 14:16:18 moniXpep(006431) 
bit[11] data:
0000h: 31 34 31 36 31 38                               ; 141618

2012/12/26 14:16:18 moniXpep(006431) 
bit[12] data:
0000h: 31 34 31 36 31 38                               ; 141618

2012/12/26 14:16:18 moniXpep(006431) 
bit[13] data:
0000h: 31 32 32 36                                     ; 1226

2012/12/26 14:16:18 moniXpep(006431) 
bit[21] data:
0000h: 38 36 30 30 31 30 30 33 30 32 31 30 30 34 36 31 ; 8600100302100461
0010h: 31 32 32 33 33 34 34 33 30 33 30 30 30 30 30 30 ; 1223344303000000
0020h: 31 31 35 30 30 30 30 31 31 30 30 30 30 30 30 30 ; 1150000110000000
0030h: 30 30 31                                        ; 001

2012/12/26 14:16:18 moniXpep(006431) 
bit[22] data:
0000h: 30 32 31                                        ; 021

2012/12/26 14:16:18 moniXpep(006431) 
bit[25] data:
0000h: 30 30                                           ; 00

2012/12/26 14:16:18 moniXpep(006431) 
bit[35] data:
0000h: 36 32 32 35 32 32 30 31 30 38 39 32 36 31 38 39 ; 6225220108926189
0010h: 3D 33 30 31 30 31 32 30 30 30 30 30 30 38 34 38 ; =301012000000848
0020h: 30 30 30 30 30                                  ; 00000

2012/12/26 14:16:18 moniXpep(006431) 
bit[36] data:
0000h: 39 39 36 32 32 35 32 32 30 31 30 38 39 32 36 31 ; 9962252201089261
0010h: 38 39 3D 31 35 36 31 35 36 30 30 30 30 30 30 30 ; 89=1561560000000
0020h: 30 30 30 30 30 30 38 38 30 30 30 30 30 30 30 32 ; 0000008800000002
0030h: 34 30 34 30 34 30 30 30 30 30 30 30 30 30 30 30 ; 4040400000000000
0040h: 30 30 30 30 30 30 30 30 3D 30 30 30 30 30 30 30 ; 00000000=0000000
0050h: 30 30 30 30 30 3D 30 30 30 30 30 30 30 30 30 30 ; 00000=0000000000
0060h: 30 30 30 30 30 30 30 30                         ; 00000000

2012/12/26 14:16:18 moniXpep(006431) 
bit[41] data:
0000h: 31 31 32 32 33 33 34 34                         ; 11223344

2012/12/26 14:16:18 moniXpep(006431) 
bit[42] data:
0000h: 38 36 30 30 31 30 30 33 30 32 31 30 30 34 36    ; 860010030210046

2012/12/26 14:16:18 moniXpep(006431) 
bit[48] data:
0000h: 31 32 33 34 35 36                               ; 123456

2012/12/26 14:16:18 moniXpep(006431) 
bit[49] data:
0000h: 31 35 36                                        ; 156

2012/12/26 14:16:18 moniXpep(006431) 
bit[52] data:
0000h: 41 31 38 36 43 34 35 44                         ; A186C45D

2012/12/26 14:16:18 moniXpep(006431) 
bit[53] data:
0000h: 31 30 30 30 30 30 30 30 30 30 30 30 30 30 30 30 ; 1000000000000000


2012/12/26 14:16:18 moniXpep(006431) 
bit[60] data:
0000h: 30 30 30 30 30 30 30 30 30 33 30 30 30 30 30 30 ; 0000000003000000
0010h: 30 30 30 30                                     ; 0000

2012/12/26 14:16:18 moniXpep(006431) 
bit map
0000h: 72 38 0C 80 30 C1 98 10                         ; r8..0...

2012/12/26 14:16:18 moniXpep(006431) 
attach to folder system ok !

2012/12/26 14:16:18 moniXpep(006431) 
folder myFid=14

2012/12/26 14:16:18 moniXpep(006431) 
Write finished!

2012/12/26 14:16:18 moniXpep(006431) 
AppServer terminated.

2012/12/26 14:25:18 moniXpep(006514) 
 模拟消费交易 start

2012/12/26 14:25:18 moniXpep(006514) 
datatime=1226142518

2012/12/26 14:25:18 moniXpep(006514) 
begin pakcet !

2012/12/26 14:25:18 moniXpep(006514) 
msgtype
0000h: 30 32 30 30                                     ; 0200

2012/12/26 14:25:18 moniXpep(006514) 
bit[2] data:
0000h: 36 32 32 32 30 32 31 30 30 31 30 39 38 35 35 30 ; 6222021001098550
0010h: 38 31 34                                        ; 814

2012/12/26 14:25:18 moniXpep(006514) 
bit[3] data:
0000h: 39 31 30 30 30 30                               ; 910000

2012/12/26 14:25:18 moniXpep(006514) 
bit[4] data:
0000h: 30 30 30 30 30 30 30 30 30 30 30 39             ; 000000000009

2012/12/26 14:25:18 moniXpep(006514) 
bit[7] data:
0000h: 31 32 32 36 31 34 32 35 31 38                   ; 1226142518

2012/12/26 14:25:18 moniXpep(006514) 
bit[11] data:
0000h: 31 34 32 35 31 38                               ; 142518

2012/12/26 14:25:18 moniXpep(006514) 
bit[12] data:
0000h: 31 34 32 35 31 38                               ; 142518

2012/12/26 14:25:18 moniXpep(006514) 
bit[13] data:
0000h: 31 32 32 36                                     ; 1226

2012/12/26 14:25:18 moniXpep(006514) 
bit[21] data:
0000h: 38 36 30 30 31 30 30 33 30 32 31 30 30 34 36 31 ; 8600100302100461
0010h: 31 32 32 33 33 34 34 33 30 33 30 30 30 30 30 30 ; 1223344303000000
0020h: 31 31 35 30 30 30 30 31 31 30 30 30 30 30 30 30 ; 1150000110000000
0030h: 30 30 31                                        ; 001

2012/12/26 14:25:18 moniXpep(006514) 
bit[22] data:
0000h: 30 32 31                                        ; 021

2012/12/26 14:25:18 moniXpep(006514) 
bit[25] data:
0000h: 30 30                                           ; 00

2012/12/26 14:25:18 moniXpep(006514) 
bit[35] data:
0000h: 36 32 32 35 32 32 30 31 30 38 39 32 36 31 38 39 ; 6225220108926189
0010h: 3D 33 30 31 30 31 32 30 30 30 30 30 30 38 34 38 ; =301012000000848
0020h: 30 30 30 30 30                                  ; 00000

2012/12/26 14:25:18 moniXpep(006514) 
bit[36] data:
0000h: 39 39 36 32 32 35 32 32 30 31 30 38 39 32 36 31 ; 9962252201089261
0010h: 38 39 3D 31 35 36 31 35 36 30 30 30 30 30 30 30 ; 89=1561560000000
0020h: 30 30 30 30 30 30 38 38 30 30 30 30 30 30 30 32 ; 0000008800000002
0030h: 34 30 34 30 34 30 30 30 30 30 30 30 30 30 30 30 ; 4040400000000000
0040h: 30 30 30 30 30 30 30 30 3D 30 30 30 30 30 30 30 ; 00000000=0000000
0050h: 30 30 30 30 30 3D 30 30 30 30 30 30 30 30 30 30 ; 00000=0000000000
0060h: 30 30 30 30 30 30 30 30                         ; 00000000

2012/12/26 14:25:18 moniXpep(006514) 
bit[41] data:
0000h: 31 31 32 32 33 33 34 34                         ; 11223344

2012/12/26 14:25:18 moniXpep(006514) 
bit[42] data:
0000h: 38 36 30 30 31 30 30 33 30 32 31 30 30 34 36    ; 860010030210046

2012/12/26 14:25:18 moniXpep(006514) 
bit[48] data:
0000h: 31 32 33 34 35 36                               ; 123456

2012/12/26 14:25:18 moniXpep(006514) 
bit[49] data:
0000h: 31 35 36                                        ; 156

2012/12/26 14:25:18 moniXpep(006514) 
bit[52] data:
0000h: 46 35 39 30 31 36 33 39                         ; F5901639

2012/12/26 14:25:18 moniXpep(006514) 
bit[53] data:
0000h: 31 30 30 30 30 30 30 30 30 30 30 30 30 30 30 30 ; 1000000000000000


2012/12/26 14:25:18 moniXpep(006514) 
bit[60] data:
0000h: 30 30 30 30 30 30 30 30 30 33 30 30 30 30 30 30 ; 0000000003000000
0010h: 30 30 30 30                                     ; 0000

2012/12/26 14:25:18 moniXpep(006514) 
bit map
0000h: 72 38 0C 80 30 C1 98 10                         ; r8..0...

2012/12/26 14:25:18 moniXpep(006514) 
attach to folder system ok !

2012/12/26 14:25:18 moniXpep(006514) 
folder myFid=14

2012/12/26 14:25:18 moniXpep(006514) 
Write finished!

2012/12/26 14:25:18 moniXpep(006514) 
AppServer terminated.

2013/05/08 11:26:48 moniXpep(006835) 
 模拟消费交易 start

2013/05/08 11:26:48 moniXpep(006835) 
datatime=0508112648

2013/05/08 11:26:48 moniXpep(006835) 
begin pakcet !

2013/05/08 11:26:48 moniXpep(006835) 
msgtype
0000h: 30 32 30 30                                     ; 0200

2013/05/08 11:26:48 moniXpep(006835) 
bit[2] data:
0000h: 36 32 32 32 30 32 31 30 30 31 30 39 38 35 35 30 ; 6222021001098550
0010h: 38 31 34                                        ; 814

2013/05/08 11:26:48 moniXpep(006835) 
bit[3] data:
0000h: 39 31 30 30 30 30                               ; 910000

2013/05/08 11:26:48 moniXpep(006835) 
bit[4] data:
0000h: 30 30 30 30 30 30 30 30 30 30 30 39             ; 000000000009

2013/05/08 11:26:48 moniXpep(006835) 
bit[7] data:
0000h: 30 35 30 38 31 31 32 36 34 38                   ; 0508112648

2013/05/08 11:26:48 moniXpep(006835) 
bit[11] data:
0000h: 31 31 32 36 34 38                               ; 112648

2013/05/08 11:26:48 moniXpep(006835) 
bit[12] data:
0000h: 31 31 32 36 34 38                               ; 112648

2013/05/08 11:26:48 moniXpep(006835) 
bit[13] data:
0000h: 30 35 30 38                                     ; 0508

2013/05/08 11:26:48 moniXpep(006835) 
bit[21] data:
0000h: 38 36 30 30 31 30 30 33 30 32 31 30 30 34 36 31 ; 8600100302100461
0010h: 31 32 32 33 33 34 34 33 30 33 30 30 30 30 30 30 ; 1223344303000000
0020h: 31 31 35 30 30 30 30 31 31 30 30 30 30 30 30 30 ; 1150000110000000
0030h: 30 30 31                                        ; 001

2013/05/08 11:26:48 moniXpep(006835) 
bit[22] data:
0000h: 30 32 31                                        ; 021

2013/05/08 11:26:48 moniXpep(006835) 
bit[25] data:
0000h: 30 30                                           ; 00

2013/05/08 11:26:48 moniXpep(006835) 
bit[35] data:
0000h: 36 32 32 35 32 32 30 31 30 38 39 32 36 31 38 39 ; 6225220108926189
0010h: 3D 33 30 31 30 31 32 30 30 30 30 30 30 38 34 38 ; =301012000000848
0020h: 30 30 30 30 30                                  ; 00000

2013/05/08 11:26:48 moniXpep(006835) 
bit[36] data:
0000h: 39 39 36 32 32 35 32 32 30 31 30 38 39 32 36 31 ; 9962252201089261
0010h: 38 39 3D 31 35 36 31 35 36 30 30 30 30 30 30 30 ; 89=1561560000000
0020h: 30 30 30 30 30 30 38 38 30 30 30 30 30 30 30 32 ; 0000008800000002
0030h: 34 30 34 30 34 30 30 30 30 30 30 30 30 30 30 30 ; 4040400000000000
0040h: 30 30 30 30 30 30 30 30 3D 30 30 30 30 30 30 30 ; 00000000=0000000
0050h: 30 30 30 30 30 3D 30 30 30 30 30 30 30 30 30 30 ; 00000=0000000000
0060h: 30 30 30 30 30 30 30 30                         ; 00000000

2013/05/08 11:26:48 moniXpep(006835) 
bit[41] data:
0000h: 31 31 32 32 33 33 34 34                         ; 11223344

2013/05/08 11:26:48 moniXpep(006835) 
bit[42] data:
0000h: 38 36 30 30 31 30 30 33 30 32 31 30 30 34 36    ; 860010030210046

2013/05/08 11:26:48 moniXpep(006835) 
bit[48] data:
0000h: 31 32 33 34 35 36                               ; 123456

2013/05/08 11:26:48 moniXpep(006835) 
bit[49] data:
0000h: 31 35 36                                        ; 156

2013/05/08 11:26:48 moniXpep(006835) 
bit[52] data:
0000h: 46 35 39 30 31 36 33 39                         ; F5901639

2013/05/08 11:26:48 moniXpep(006835) 
bit[53] data:
0000h: 31 30 30 30 30 30 30 30 30 30 30 30 30 30 30 30 ; 1000000000000000


2013/05/08 11:26:48 moniXpep(006835) 
bit[60] data:
0000h: 30 30 30 30 30 30 30 30 30 33 30 30 30 30 30 30 ; 0000000003000000
0010h: 30 30 30 30                                     ; 0000

2013/05/08 11:26:48 moniXpep(006835) 
bit map
0000h: 72 38 0C 80 30 C1 98 10                         ; r8..0...

2013/05/08 11:26:48 moniXpep(006835) 
attach to folder system ok !

2013/05/08 11:26:48 moniXpep(006835) 
folder myFid=17

2013/05/08 11:26:48 moniXpep(006835) 
Write finished!

2013/05/08 11:26:48 moniXpep(006835) 
AppServer terminated.

